mode: set
github.com/ACLzz/qshare/types.go:14.36,16.2 1 0
github.com/ACLzz/qshare/internal/ble/advertisement.go:15.37,21.65 5 0
github.com/ACLzz/qshare/internal/ble/advertisement.go:21.65,23.3 1 0
github.com/ACLzz/qshare/internal/ble/advertisement.go:25.2,29.16 2 0
github.com/ACLzz/qshare/internal/ble/advertisement.go:29.16,31.3 1 0
github.com/ACLzz/qshare/internal/ble/advertisement.go:33.2,33.16 1 0
github.com/ACLzz/qshare/internal/adapter/adapter.go:32.11,41.2 1 0
github.com/ACLzz/qshare/internal/adapter/adapter.go:43.44,44.41 1 0
github.com/ACLzz/qshare/internal/adapter/adapter.go:44.41,46.3 1 0
github.com/ACLzz/qshare/internal/adapter/adapter.go:48.2,49.12 2 0
github.com/ACLzz/qshare/internal/adapter/adapter.go:52.43,54.2 1 0
github.com/ACLzz/qshare/internal/adapter/adapter.go:56.32,60.17 1 0
github.com/ACLzz/qshare/internal/adapter/adapter.go:60.17,62.3 1 0
github.com/ACLzz/qshare/internal/adapter/client_finished.go:11.60,19.59 2 0
github.com/ACLzz/qshare/internal/adapter/client_finished.go:19.59,21.3 1 0
github.com/ACLzz/qshare/internal/adapter/client_finished.go:22.2,22.76 1 0
github.com/ACLzz/qshare/internal/adapter/client_finished.go:22.76,24.3 1 0
github.com/ACLzz/qshare/internal/adapter/client_finished.go:25.2,25.91 1 0
github.com/ACLzz/qshare/internal/adapter/client_finished.go:25.91,27.3 1 0
github.com/ACLzz/qshare/internal/adapter/client_finished.go:30.2,30.94 1 0
github.com/ACLzz/qshare/internal/adapter/client_finished.go:30.94,32.3 1 0
github.com/ACLzz/qshare/internal/adapter/client_finished.go:35.2,35.91 1 0
github.com/ACLzz/qshare/internal/adapter/client_finished.go:35.91,37.3 1 0
github.com/ACLzz/qshare/internal/adapter/client_finished.go:39.2,39.12 1 0
github.com/ACLzz/qshare/internal/adapter/client_finished.go:42.59,45.16 2 0
github.com/ACLzz/qshare/internal/adapter/client_finished.go:45.16,47.3 1 0
github.com/ACLzz/qshare/internal/adapter/client_finished.go:50.2,50.67 1 0
github.com/ACLzz/qshare/internal/adapter/client_finished.go:50.67,52.3 1 0
github.com/ACLzz/qshare/internal/adapter/client_finished.go:55.2,58.16 2 0
github.com/ACLzz/qshare/internal/adapter/client_finished.go:58.16,60.3 1 0
github.com/ACLzz/qshare/internal/adapter/client_finished.go:63.2,67.16 2 0
github.com/ACLzz/qshare/internal/adapter/client_finished.go:67.16,69.3 1 0
github.com/ACLzz/qshare/internal/adapter/client_finished.go:71.2,71.29 1 0
github.com/ACLzz/qshare/internal/adapter/client_init.go:14.56,21.59 2 0
github.com/ACLzz/qshare/internal/adapter/client_init.go:21.59,23.3 1 0
github.com/ACLzz/qshare/internal/adapter/client_init.go:24.2,24.74 1 0
github.com/ACLzz/qshare/internal/adapter/client_init.go:24.74,26.3 1 0
github.com/ACLzz/qshare/internal/adapter/client_init.go:27.2,27.87 1 0
github.com/ACLzz/qshare/internal/adapter/client_init.go:27.87,29.3 1 0
github.com/ACLzz/qshare/internal/adapter/client_init.go:32.2,33.56 2 0
github.com/ACLzz/qshare/internal/adapter/client_init.go:33.56,34.48 1 0
github.com/ACLzz/qshare/internal/adapter/client_init.go:34.48,36.9 2 0
github.com/ACLzz/qshare/internal/adapter/client_init.go:39.2,39.20 1 0
github.com/ACLzz/qshare/internal/adapter/client_init.go:39.20,41.3 1 0
github.com/ACLzz/qshare/internal/adapter/client_init.go:44.2,44.59 1 0
github.com/ACLzz/qshare/internal/adapter/client_init.go:44.59,46.3 1 0
github.com/ACLzz/qshare/internal/adapter/client_init.go:47.2,47.12 1 0
github.com/ACLzz/qshare/internal/adapter/client_init.go:50.60,53.16 2 0
github.com/ACLzz/qshare/internal/adapter/client_init.go:53.16,55.3 1 0
github.com/ACLzz/qshare/internal/adapter/client_init.go:56.2,70.16 3 0
github.com/ACLzz/qshare/internal/adapter/client_init.go:70.16,72.3 1 0
github.com/ACLzz/qshare/internal/adapter/client_init.go:73.2,77.16 2 0
github.com/ACLzz/qshare/internal/adapter/client_init.go:77.16,79.3 1 0
github.com/ACLzz/qshare/internal/adapter/client_init.go:82.2,82.51 1 0
github.com/ACLzz/qshare/internal/adapter/client_init.go:82.51,84.3 1 0
github.com/ACLzz/qshare/internal/adapter/client_init.go:85.2,85.55 1 0
github.com/ACLzz/qshare/internal/adapter/client_init.go:85.55,87.3 1 0
github.com/ACLzz/qshare/internal/adapter/client_init.go:90.2,90.68 1 0
github.com/ACLzz/qshare/internal/adapter/client_init.go:90.68,92.3 1 0
github.com/ACLzz/qshare/internal/adapter/client_init.go:94.2,94.12 1 0
github.com/ACLzz/qshare/internal/adapter/conn_request.go:14.73,16.16 2 0
github.com/ACLzz/qshare/internal/adapter/conn_request.go:16.16,18.3 1 0
github.com/ACLzz/qshare/internal/adapter/conn_request.go:20.2,21.39 1 0
github.com/ACLzz/qshare/internal/adapter/conn_request.go:21.39,23.3 1 0
github.com/ACLzz/qshare/internal/adapter/conn_request.go:25.2,27.8 1 0
github.com/ACLzz/qshare/internal/adapter/conn_request.go:30.96,42.2 1 0
github.com/ACLzz/qshare/internal/adapter/conn_request.go:44.89,55.2 7 0
github.com/ACLzz/qshare/internal/adapter/conn_response.go:13.75,15.16 2 0
github.com/ACLzz/qshare/internal/adapter/conn_response.go:15.16,17.3 1 0
github.com/ACLzz/qshare/internal/adapter/conn_response.go:19.2,20.40 1 0
github.com/ACLzz/qshare/internal/adapter/conn_response.go:20.40,22.3 1 0
github.com/ACLzz/qshare/internal/adapter/conn_response.go:24.2,27.8 2 0
github.com/ACLzz/qshare/internal/adapter/conn_response.go:30.59,32.22 2 0
github.com/ACLzz/qshare/internal/adapter/conn_response.go:33.17,34.40 1 0
github.com/ACLzz/qshare/internal/adapter/conn_response.go:35.17,36.40 1 0
github.com/ACLzz/qshare/internal/adapter/conn_response.go:37.13,38.38 1 0
github.com/ACLzz/qshare/internal/adapter/conn_response.go:41.2,42.17 2 0
github.com/ACLzz/qshare/internal/adapter/conn_response.go:42.17,44.3 1 0
github.com/ACLzz/qshare/internal/adapter/conn_response.go:46.2,54.4 1 0
github.com/ACLzz/qshare/internal/adapter/inbound.go:31.72,33.56 2 0
github.com/ACLzz/qshare/internal/adapter/inbound.go:33.56,35.3 1 0
github.com/ACLzz/qshare/internal/adapter/inbound.go:37.2,37.87 1 0
github.com/ACLzz/qshare/internal/adapter/inbound.go:37.87,39.3 1 0
github.com/ACLzz/qshare/internal/adapter/inbound.go:41.2,41.30 1 0
github.com/ACLzz/qshare/internal/adapter/inbound.go:44.68,46.60 2 0
github.com/ACLzz/qshare/internal/adapter/inbound.go:46.60,48.3 1 0
github.com/ACLzz/qshare/internal/adapter/inbound.go:50.2,50.84 1 0
github.com/ACLzz/qshare/internal/adapter/inbound.go:50.84,52.3 1 0
github.com/ACLzz/qshare/internal/adapter/inbound.go:54.2,54.34 1 0
github.com/ACLzz/qshare/internal/adapter/inbound.go:57.62,60.54 2 0
github.com/ACLzz/qshare/internal/adapter/inbound.go:60.54,62.3 1 0
github.com/ACLzz/qshare/internal/adapter/inbound.go:63.2,63.101 1 0
github.com/ACLzz/qshare/internal/adapter/inbound.go:63.101,65.3 1 0
github.com/ACLzz/qshare/internal/adapter/inbound.go:68.2,69.72 2 0
github.com/ACLzz/qshare/internal/adapter/inbound.go:69.72,71.3 1 0
github.com/ACLzz/qshare/internal/adapter/inbound.go:72.2,72.83 1 0
github.com/ACLzz/qshare/internal/adapter/inbound.go:72.83,74.3 1 0
github.com/ACLzz/qshare/internal/adapter/inbound.go:75.2,75.82 1 0
github.com/ACLzz/qshare/internal/adapter/inbound.go:75.82,77.3 1 0
github.com/ACLzz/qshare/internal/adapter/inbound.go:78.2,78.38 1 0
github.com/ACLzz/qshare/internal/adapter/inbound.go:78.38,80.3 1 0
github.com/ACLzz/qshare/internal/adapter/inbound.go:83.2,84.16 2 0
github.com/ACLzz/qshare/internal/adapter/inbound.go:84.16,86.3 1 0
github.com/ACLzz/qshare/internal/adapter/inbound.go:88.2,88.33 1 0
github.com/ACLzz/qshare/internal/adapter/inbound.go:96.70,102.27 1 0
github.com/ACLzz/qshare/internal/adapter/inbound.go:102.27,104.4 1 0
github.com/ACLzz/qshare/internal/adapter/inbound.go:107.2,107.32 1 0
github.com/ACLzz/qshare/internal/adapter/inbound.go:107.32,108.7 1 0
github.com/ACLzz/qshare/internal/adapter/inbound.go:108.7,109.11 1 0
github.com/ACLzz/qshare/internal/adapter/inbound.go:110.22,111.23 1 0
github.com/ACLzz/qshare/internal/adapter/inbound.go:112.12,114.57 1 0
github.com/ACLzz/qshare/internal/adapter/inbound.go:114.57,115.32 1 0
github.com/ACLzz/qshare/internal/adapter/inbound.go:115.32,118.7 2 0
github.com/ACLzz/qshare/internal/adapter/inbound.go:120.6,122.41 3 0
github.com/ACLzz/qshare/internal/adapter/inbound.go:124.5,127.36 3 0
github.com/ACLzz/qshare/internal/adapter/inbound.go:127.36,130.6 2 0
github.com/ACLzz/qshare/internal/adapter/inbound.go:133.5,134.57 2 0
github.com/ACLzz/qshare/internal/adapter/inbound.go:134.57,137.6 2 0
github.com/ACLzz/qshare/internal/adapter/inbound.go:140.5,140.22 1 0
github.com/ACLzz/qshare/internal/adapter/inbound.go:140.22,142.20 2 0
github.com/ACLzz/qshare/internal/adapter/inbound.go:142.20,144.7 1 0
github.com/ACLzz/qshare/internal/adapter/inbound.go:147.5,148.19 2 0
github.com/ACLzz/qshare/internal/adapter/inbound.go:148.19,149.47 1 0
github.com/ACLzz/qshare/internal/adapter/inbound.go:149.47,150.15 1 0
github.com/ACLzz/qshare/internal/adapter/inbound.go:152.6,152.56 1 0
github.com/ACLzz/qshare/internal/adapter/inbound.go:155.5,155.23 1 0
github.com/ACLzz/qshare/internal/adapter/inbound.go:161.70,169.24 1 0
github.com/ACLzz/qshare/internal/adapter/inbound.go:169.24,171.4 1 0
github.com/ACLzz/qshare/internal/adapter/inbound.go:174.2,174.42 1 0
github.com/ACLzz/qshare/internal/adapter/inbound.go:174.42,176.17 2 0
github.com/ACLzz/qshare/internal/adapter/inbound.go:176.17,178.4 1 0
github.com/ACLzz/qshare/internal/adapter/inbound.go:180.3,181.38 1 0
github.com/ACLzz/qshare/internal/adapter/inbound.go:181.38,183.4 1 0
github.com/ACLzz/qshare/internal/adapter/inbound.go:185.3,189.80 4 0
github.com/ACLzz/qshare/internal/adapter/inbound.go:189.80,191.56 1 0
github.com/ACLzz/qshare/internal/adapter/inbound.go:191.56,193.5 1 0
github.com/ACLzz/qshare/internal/adapter/inbound.go:195.4,199.19 1 0
github.com/ACLzz/qshare/internal/adapter/inbound.go:199.19,201.5 1 0
github.com/ACLzz/qshare/internal/adapter/inbound.go:202.4,203.37 2 0
github.com/ACLzz/qshare/internal/adapter/inbound.go:204.9,204.88 1 0
github.com/ACLzz/qshare/internal/adapter/inbound.go:204.88,206.44 1 0
github.com/ACLzz/qshare/internal/adapter/inbound.go:206.44,208.5 1 0
github.com/ACLzz/qshare/internal/adapter/inbound.go:209.4,209.32 1 0
github.com/ACLzz/qshare/internal/adapter/inbound.go:209.32,211.5 1 0
github.com/ACLzz/qshare/internal/adapter/inbound.go:213.4,213.20 1 0
github.com/ACLzz/qshare/internal/adapter/inbound.go:213.20,217.21 4 0
github.com/ACLzz/qshare/internal/adapter/inbound.go:217.21,219.6 1 0
github.com/ACLzz/qshare/internal/adapter/inbound.go:220.5,220.24 1 0
github.com/ACLzz/qshare/internal/adapter/inbound.go:222.4,222.37 1 0
github.com/ACLzz/qshare/internal/adapter/inbound.go:225.3,225.18 1 0
github.com/ACLzz/qshare/internal/adapter/inbound.go:229.41,231.30 2 0
github.com/ACLzz/qshare/internal/adapter/inbound.go:231.30,232.51 1 0
github.com/ACLzz/qshare/internal/adapter/inbound.go:232.51,234.4 1 0
github.com/ACLzz/qshare/internal/adapter/inbound.go:236.2,236.23 1 0
github.com/ACLzz/qshare/internal/adapter/introduction.go:17.43,19.2 1 0
github.com/ACLzz/qshare/internal/adapter/introduction.go:21.44,23.2 1 0
github.com/ACLzz/qshare/internal/adapter/introduction.go:25.80,27.16 2 0
github.com/ACLzz/qshare/internal/adapter/introduction.go:27.16,29.3 1 0
github.com/ACLzz/qshare/internal/adapter/introduction.go:31.2,31.89 1 0
github.com/ACLzz/qshare/internal/adapter/introduction.go:31.89,33.3 1 0
github.com/ACLzz/qshare/internal/adapter/introduction.go:36.2,38.39 3 0
github.com/ACLzz/qshare/internal/adapter/introduction.go:38.39,40.3 1 0
github.com/ACLzz/qshare/internal/adapter/introduction.go:42.2,45.8 1 0
github.com/ACLzz/qshare/internal/adapter/introduction.go:48.67,54.26 2 0
github.com/ACLzz/qshare/internal/adapter/introduction.go:54.26,55.30 1 0
github.com/ACLzz/qshare/internal/adapter/introduction.go:55.30,64.4 1 0
github.com/ACLzz/qshare/internal/adapter/introduction.go:66.2,66.23 1 0
github.com/ACLzz/qshare/internal/adapter/introduction.go:66.23,68.26 2 0
github.com/ACLzz/qshare/internal/adapter/introduction.go:69.24,70.42 1 0
github.com/ACLzz/qshare/internal/adapter/introduction.go:71.23,72.41 1 0
github.com/ACLzz/qshare/internal/adapter/introduction.go:73.27,74.45 1 0
github.com/ACLzz/qshare/internal/adapter/introduction.go:75.31,76.50 1 0
github.com/ACLzz/qshare/internal/adapter/introduction.go:77.11,78.45 1 0
github.com/ACLzz/qshare/internal/adapter/introduction.go:81.3,89.4 1 0
github.com/ACLzz/qshare/internal/adapter/introduction.go:92.2,98.4 1 0
github.com/ACLzz/qshare/internal/adapter/introduction.go:106.83,115.2 1 0
github.com/ACLzz/qshare/internal/adapter/introduction.go:117.67,118.24 1 0
github.com/ACLzz/qshare/internal/adapter/introduction.go:118.24,120.3 1 0
github.com/ACLzz/qshare/internal/adapter/introduction.go:122.2,123.31 2 0
github.com/ACLzz/qshare/internal/adapter/introduction.go:124.35,125.29 1 0
github.com/ACLzz/qshare/internal/adapter/introduction.go:126.34,127.28 1 0
github.com/ACLzz/qshare/internal/adapter/introduction.go:128.38,129.32 1 0
github.com/ACLzz/qshare/internal/adapter/introduction.go:130.43,131.36 1 0
github.com/ACLzz/qshare/internal/adapter/introduction.go:132.10,133.32 1 0
github.com/ACLzz/qshare/internal/adapter/introduction.go:136.2,143.3 1 0
github.com/ACLzz/qshare/internal/adapter/introduction.go:146.88,150.26 3 0
github.com/ACLzz/qshare/internal/adapter/introduction.go:150.26,151.32 1 0
github.com/ACLzz/qshare/internal/adapter/introduction.go:152.37,153.31 1 0
github.com/ACLzz/qshare/internal/adapter/introduction.go:154.37,155.31 1 0
github.com/ACLzz/qshare/internal/adapter/introduction.go:156.35,157.29 1 0
github.com/ACLzz/qshare/internal/adapter/introduction.go:158.37,159.31 1 0
github.com/ACLzz/qshare/internal/adapter/introduction.go:160.11,161.33 1 0
github.com/ACLzz/qshare/internal/adapter/introduction.go:164.3,172.4 1 0
github.com/ACLzz/qshare/internal/adapter/introduction.go:175.2,175.23 1 0
github.com/ACLzz/qshare/internal/adapter/outbound.go:20.51,26.55 5 0
github.com/ACLzz/qshare/internal/adapter/outbound.go:26.55,28.3 1 0
github.com/ACLzz/qshare/internal/adapter/outbound.go:30.2,30.12 1 0
github.com/ACLzz/qshare/internal/adapter/outbound.go:33.73,34.19 1 0
github.com/ACLzz/qshare/internal/adapter/outbound.go:34.19,36.17 2 0
github.com/ACLzz/qshare/internal/adapter/outbound.go:36.17,38.4 1 0
github.com/ACLzz/qshare/internal/adapter/outbound.go:39.8,44.17 2 0
github.com/ACLzz/qshare/internal/adapter/outbound.go:44.17,46.4 1 0
github.com/ACLzz/qshare/internal/adapter/outbound.go:47.3,47.53 1 0
github.com/ACLzz/qshare/internal/adapter/outbound.go:47.53,49.4 1 0
github.com/ACLzz/qshare/internal/adapter/outbound.go:52.2,52.12 1 0
github.com/ACLzz/qshare/internal/adapter/outbound.go:55.87,60.16 2 0
github.com/ACLzz/qshare/internal/adapter/outbound.go:60.16,62.3 1 0
github.com/ACLzz/qshare/internal/adapter/outbound.go:64.2,64.47 1 0
github.com/ACLzz/qshare/internal/adapter/outbound.go:64.47,66.3 1 0
github.com/ACLzz/qshare/internal/adapter/outbound.go:68.2,68.12 1 0
github.com/ACLzz/qshare/internal/adapter/outbound.go:71.68,76.16 2 0
github.com/ACLzz/qshare/internal/adapter/outbound.go:76.16,78.3 1 0
github.com/ACLzz/qshare/internal/adapter/outbound.go:80.2,80.47 1 0
github.com/ACLzz/qshare/internal/adapter/outbound.go:83.71,88.16 2 0
github.com/ACLzz/qshare/internal/adapter/outbound.go:88.16,90.3 1 0
github.com/ACLzz/qshare/internal/adapter/outbound.go:92.2,97.16 3 0
github.com/ACLzz/qshare/internal/adapter/outbound.go:97.16,99.3 1 0
github.com/ACLzz/qshare/internal/adapter/outbound.go:101.2,102.16 2 0
github.com/ACLzz/qshare/internal/adapter/outbound.go:102.16,104.3 1 0
github.com/ACLzz/qshare/internal/adapter/outbound.go:106.2,110.16 2 0
github.com/ACLzz/qshare/internal/adapter/outbound.go:110.16,112.3 1 0
github.com/ACLzz/qshare/internal/adapter/outbound.go:114.2,114.45 1 0
github.com/ACLzz/qshare/internal/adapter/outbound.go:114.45,116.3 1 0
github.com/ACLzz/qshare/internal/adapter/outbound.go:118.2,118.12 1 0
github.com/ACLzz/qshare/internal/adapter/outbound.go:121.41,126.16 2 0
github.com/ACLzz/qshare/internal/adapter/outbound.go:126.16,129.3 2 0
github.com/ACLzz/qshare/internal/adapter/outbound.go:131.2,131.85 1 0
github.com/ACLzz/qshare/internal/adapter/outbound.go:131.85,134.3 2 0
github.com/ACLzz/qshare/internal/adapter/outbound.go:137.72,156.17 1 0
github.com/ACLzz/qshare/internal/adapter/outbound.go:156.17,158.3 1 0
github.com/ACLzz/qshare/internal/adapter/outbound.go:161.2,177.17 1 0
github.com/ACLzz/qshare/internal/adapter/outbound.go:177.17,179.3 1 0
github.com/ACLzz/qshare/internal/adapter/outbound.go:181.2,181.12 1 0
github.com/ACLzz/qshare/internal/adapter/outbound.go:184.84,191.15 2 0
github.com/ACLzz/qshare/internal/adapter/outbound.go:191.15,192.41 1 0
github.com/ACLzz/qshare/internal/adapter/outbound.go:192.41,194.4 1 0
github.com/ACLzz/qshare/internal/adapter/outbound.go:198.2,198.6 1 0
github.com/ACLzz/qshare/internal/adapter/outbound.go:198.6,200.17 2 0
github.com/ACLzz/qshare/internal/adapter/outbound.go:200.17,201.43 1 0
github.com/ACLzz/qshare/internal/adapter/outbound.go:201.43,202.10 1 0
github.com/ACLzz/qshare/internal/adapter/outbound.go:204.4,204.49 1 0
github.com/ACLzz/qshare/internal/adapter/outbound.go:207.3,224.18 1 0
github.com/ACLzz/qshare/internal/adapter/outbound.go:224.18,226.4 1 0
github.com/ACLzz/qshare/internal/adapter/outbound.go:228.3,229.26 2 0
github.com/ACLzz/qshare/internal/adapter/outbound.go:229.26,230.9 1 0
github.com/ACLzz/qshare/internal/adapter/outbound.go:235.2,252.17 1 0
github.com/ACLzz/qshare/internal/adapter/outbound.go:252.17,254.3 1 0
github.com/ACLzz/qshare/internal/adapter/outbound.go:256.2,256.12 1 0
github.com/ACLzz/qshare/internal/adapter/paired_key_encryption.go:8.65,10.16 2 0
github.com/ACLzz/qshare/internal/adapter/paired_key_encryption.go:10.16,12.3 1 0
github.com/ACLzz/qshare/internal/adapter/paired_key_encryption.go:14.2,16.55 1 0
github.com/ACLzz/qshare/internal/adapter/paired_key_encryption.go:16.55,18.3 1 0
github.com/ACLzz/qshare/internal/adapter/paired_key_encryption.go:20.2,20.12 1 0
github.com/ACLzz/qshare/internal/adapter/paired_key_encryption.go:23.51,31.2 1 0
github.com/ACLzz/qshare/internal/adapter/paired_key_result.go:7.61,9.16 2 0
github.com/ACLzz/qshare/internal/adapter/paired_key_result.go:9.16,11.3 1 0
github.com/ACLzz/qshare/internal/adapter/paired_key_result.go:13.2,15.83 1 0
github.com/ACLzz/qshare/internal/adapter/paired_key_result.go:15.83,17.3 1 0
github.com/ACLzz/qshare/internal/adapter/paired_key_result.go:19.2,19.12 1 0
github.com/ACLzz/qshare/internal/adapter/paired_key_result.go:22.47,29.2 1 0
github.com/ACLzz/qshare/internal/adapter/server_init.go:15.42,18.16 2 0
github.com/ACLzz/qshare/internal/adapter/server_init.go:18.16,20.3 1 0
github.com/ACLzz/qshare/internal/adapter/server_init.go:23.2,29.16 2 0
github.com/ACLzz/qshare/internal/adapter/server_init.go:29.16,31.3 1 0
github.com/ACLzz/qshare/internal/adapter/server_init.go:34.2,34.66 1 0
github.com/ACLzz/qshare/internal/adapter/server_init.go:34.66,36.3 1 0
github.com/ACLzz/qshare/internal/adapter/server_init.go:37.2,41.16 2 0
github.com/ACLzz/qshare/internal/adapter/server_init.go:41.16,43.3 1 0
github.com/ACLzz/qshare/internal/adapter/server_init.go:44.2,44.67 1 0
github.com/ACLzz/qshare/internal/adapter/server_init.go:44.67,46.3 1 0
github.com/ACLzz/qshare/internal/adapter/server_init.go:49.2,50.16 2 0
github.com/ACLzz/qshare/internal/adapter/server_init.go:50.16,52.3 1 0
github.com/ACLzz/qshare/internal/adapter/server_init.go:54.2,54.12 1 0
github.com/ACLzz/qshare/internal/adapter/server_init.go:57.56,60.59 2 0
github.com/ACLzz/qshare/internal/adapter/server_init.go:60.59,62.3 1 0
github.com/ACLzz/qshare/internal/adapter/server_init.go:64.2,64.74 1 0
github.com/ACLzz/qshare/internal/adapter/server_init.go:64.74,66.3 1 0
github.com/ACLzz/qshare/internal/adapter/server_init.go:68.2,69.83 2 0
github.com/ACLzz/qshare/internal/adapter/server_init.go:69.83,71.3 1 0
github.com/ACLzz/qshare/internal/adapter/server_init.go:74.2,74.53 1 0
github.com/ACLzz/qshare/internal/adapter/server_init.go:74.53,76.3 1 0
github.com/ACLzz/qshare/internal/adapter/server_init.go:79.2,80.79 2 0
github.com/ACLzz/qshare/internal/adapter/server_init.go:80.79,82.3 1 0
github.com/ACLzz/qshare/internal/adapter/server_init.go:83.2,83.43 1 0
github.com/ACLzz/qshare/internal/adapter/server_init.go:83.43,85.3 1 0
github.com/ACLzz/qshare/internal/adapter/server_init.go:88.2,88.84 1 0
github.com/ACLzz/qshare/internal/adapter/server_init.go:88.84,90.3 1 0
github.com/ACLzz/qshare/internal/adapter/server_init.go:91.2,91.59 1 0
github.com/ACLzz/qshare/internal/adapter/server_init.go:91.59,93.3 1 0
github.com/ACLzz/qshare/internal/adapter/server_init.go:95.2,95.12 1 0
github.com/ACLzz/qshare/internal/adapter/server_init.go:98.69,101.16 2 0
github.com/ACLzz/qshare/internal/adapter/server_init.go:101.16,103.3 1 0
github.com/ACLzz/qshare/internal/adapter/server_init.go:106.2,113.16 2 0
github.com/ACLzz/qshare/internal/adapter/server_init.go:113.16,115.3 1 0
github.com/ACLzz/qshare/internal/adapter/server_init.go:117.2,117.37 1 0
github.com/ACLzz/qshare/internal/adapter/service.go:9.59,16.62 2 0
github.com/ACLzz/qshare/internal/adapter/service.go:16.62,17.69 1 0
github.com/ACLzz/qshare/internal/adapter/service.go:17.69,20.4 2 0
github.com/ACLzz/qshare/internal/adapter/service.go:21.3,21.72 1 0
github.com/ACLzz/qshare/internal/adapter/service.go:21.72,23.4 1 0
github.com/ACLzz/qshare/internal/adapter/service.go:24.8,24.74 1 0
github.com/ACLzz/qshare/internal/adapter/service.go:24.74,25.69 1 0
github.com/ACLzz/qshare/internal/adapter/service.go:25.69,28.4 2 0
github.com/ACLzz/qshare/internal/adapter/service.go:31.2,31.23 1 0
github.com/ACLzz/qshare/internal/adapter/service.go:31.23,33.3 1 0
github.com/ACLzz/qshare/internal/adapter/service.go:35.2,35.12 1 0
github.com/ACLzz/qshare/internal/adapter/service.go:38.42,47.19 3 0
github.com/ACLzz/qshare/internal/adapter/service.go:47.19,49.3 1 0
github.com/ACLzz/qshare/internal/adapter/service.go:49.8,51.3 1 0
github.com/ACLzz/qshare/internal/adapter/service.go:52.2,52.16 1 0
github.com/ACLzz/qshare/internal/adapter/service.go:52.16,55.3 2 0
github.com/ACLzz/qshare/internal/adapter/service.go:57.2,57.40 1 0
github.com/ACLzz/qshare/internal/adapter/service.go:60.71,62.78 2 0
github.com/ACLzz/qshare/internal/adapter/service.go:62.78,64.3 1 0
github.com/ACLzz/qshare/internal/adapter/service.go:66.2,67.9 2 0
github.com/ACLzz/qshare/internal/adapter/service.go:67.9,69.3 1 0
github.com/ACLzz/qshare/internal/adapter/service.go:71.2,71.83 1 0
github.com/ACLzz/qshare/internal/adapter/transfer_request.go:5.61,7.16 2 0
github.com/ACLzz/qshare/internal/adapter/transfer_request.go:7.16,9.3 1 0
github.com/ACLzz/qshare/internal/adapter/transfer_request.go:11.2,13.89 1 0
github.com/ACLzz/qshare/internal/adapter/transfer_request.go:13.89,15.3 1 0
github.com/ACLzz/qshare/internal/adapter/transfer_request.go:17.2,17.12 1 0
github.com/ACLzz/qshare/internal/adapter/transfer_request.go:20.47,27.2 1 0
github.com/ACLzz/qshare/internal/adapter/transfer_response.go:7.71,9.16 2 0
github.com/ACLzz/qshare/internal/adapter/transfer_response.go:9.16,11.3 1 0
github.com/ACLzz/qshare/internal/adapter/transfer_response.go:13.2,13.91 1 0
github.com/ACLzz/qshare/internal/adapter/transfer_response.go:13.91,15.3 1 0
github.com/ACLzz/qshare/internal/adapter/transfer_response.go:17.2,18.64 2 0
github.com/ACLzz/qshare/internal/adapter/transfer_response.go:21.63,23.16 2 0
github.com/ACLzz/qshare/internal/adapter/transfer_response.go:23.16,25.3 1 0
github.com/ACLzz/qshare/internal/adapter/transfer_response.go:27.2,32.4 1 0
github.com/ACLzz/qshare/internal/mock/log.go:31.57,35.2 3 0
github.com/ACLzz/qshare/internal/mock/log.go:38.55,40.2 1 0
github.com/ACLzz/qshare/internal/mock/log.go:43.53,46.25 3 0
github.com/ACLzz/qshare/internal/mock/log.go:46.25,48.3 1 0
github.com/ACLzz/qshare/internal/mock/log.go:49.2,49.37 1 0
github.com/ACLzz/qshare/internal/mock/log.go:53.76,57.2 3 0
github.com/ACLzz/qshare/internal/mock/log.go:60.64,63.25 3 0
github.com/ACLzz/qshare/internal/mock/log.go:63.25,65.3 1 0
github.com/ACLzz/qshare/internal/mock/log.go:66.2,66.37 1 0
github.com/ACLzz/qshare/internal/mock/log.go:70.81,74.2 3 0
github.com/ACLzz/qshare/internal/mock/log.go:77.52,80.25 3 0
github.com/ACLzz/qshare/internal/mock/log.go:80.25,82.3 1 0
github.com/ACLzz/qshare/internal/mock/log.go:83.2,83.36 1 0
github.com/ACLzz/qshare/internal/mock/log.go:87.75,91.2 3 0
github.com/ACLzz/qshare/internal/mock/log.go:94.52,97.25 3 0
github.com/ACLzz/qshare/internal/mock/log.go:97.25,99.3 1 0
github.com/ACLzz/qshare/internal/mock/log.go:100.2,100.36 1 0
github.com/ACLzz/qshare/internal/mock/log.go:104.75,108.2 3 0
github.com/ACLzz/qshare/internal/log/log.go:12.25,18.2 1 0
github.com/ACLzz/qshare/internal/log/log.go:20.59,21.16 1 0
github.com/ACLzz/qshare/internal/log/log.go:21.16,23.3 1 0
github.com/ACLzz/qshare/internal/log/log.go:24.2,24.28 1 0
github.com/ACLzz/qshare/internal/log/log.go:27.47,29.2 1 0
github.com/ACLzz/qshare/internal/log/log.go:31.47,33.2 1 0
github.com/ACLzz/qshare/internal/log/log.go:35.48,37.2 1 0
github.com/ACLzz/qshare/internal/protobuf/gen/securemessage/securemessage.pb.go:64.38,68.2 3 0
github.com/ACLzz/qshare/internal/protobuf/gen/securemessage/securemessage.pb.go:70.36,72.2 1 0
github.com/ACLzz/qshare/internal/protobuf/gen/securemessage/securemessage.pb.go:74.59,76.2 1 0
github.com/ACLzz/qshare/internal/protobuf/gen/securemessage/securemessage.pb.go:78.47,80.2 1 0
github.com/ACLzz/qshare/internal/protobuf/gen/securemessage/securemessage.pb.go:82.53,84.2 1 0
github.com/ACLzz/qshare/internal/protobuf/gen/securemessage/securemessage.pb.go:87.51,89.16 2 0
github.com/ACLzz/qshare/internal/protobuf/gen/securemessage/securemessage.pb.go:89.16,91.3 1 0
github.com/ACLzz/qshare/internal/protobuf/gen/securemessage/securemessage.pb.go:92.2,93.12 2 0
github.com/ACLzz/qshare/internal/protobuf/gen/securemessage/securemessage.pb.go:97.51,99.2 1 0
github.com/ACLzz/qshare/internal/protobuf/gen/securemessage/securemessage.pb.go:122.38,126.2 3 0
github.com/ACLzz/qshare/internal/protobuf/gen/securemessage/securemessage.pb.go:128.36,130.2 1 0
github.com/ACLzz/qshare/internal/protobuf/gen/securemessage/securemessage.pb.go:132.59,134.2 1 0
github.com/ACLzz/qshare/internal/protobuf/gen/securemessage/securemessage.pb.go:136.47,138.2 1 0
github.com/ACLzz/qshare/internal/protobuf/gen/securemessage/securemessage.pb.go:140.53,142.2 1 0
github.com/ACLzz/qshare/internal/protobuf/gen/securemessage/securemessage.pb.go:145.51,147.16 2 0
github.com/ACLzz/qshare/internal/protobuf/gen/securemessage/securemessage.pb.go:147.16,149.3 1 0
github.com/ACLzz/qshare/internal/protobuf/gen/securemessage/securemessage.pb.go:150.2,151.12 2 0
github.com/ACLzz/qshare/internal/protobuf/gen/securemessage/securemessage.pb.go:155.51,157.2 1 0
github.com/ACLzz/qshare/internal/protobuf/gen/securemessage/securemessage.pb.go:183.46,187.2 3 0
github.com/ACLzz/qshare/internal/protobuf/gen/securemessage/securemessage.pb.go:189.40,191.2 1 0
github.com/ACLzz/qshare/internal/protobuf/gen/securemessage/securemessage.pb.go:193.63,195.2 1 0
github.com/ACLzz/qshare/internal/protobuf/gen/securemessage/securemessage.pb.go:197.51,199.2 1 0
github.com/ACLzz/qshare/internal/protobuf/gen/securemessage/securemessage.pb.go:201.57,203.2 1 0
github.com/ACLzz/qshare/internal/protobuf/gen/securemessage/securemessage.pb.go:206.55,208.16 2 0
github.com/ACLzz/qshare/internal/protobuf/gen/securemessage/securemessage.pb.go:208.16,210.3 1 0
github.com/ACLzz/qshare/internal/protobuf/gen/securemessage/securemessage.pb.go:211.2,212.12 2 0
github.com/ACLzz/qshare/internal/protobuf/gen/securemessage/securemessage.pb.go:216.55,218.2 1 0
github.com/ACLzz/qshare/internal/protobuf/gen/securemessage/securemessage.pb.go:230.33,235.2 4 0
github.com/ACLzz/qshare/internal/protobuf/gen/securemessage/securemessage.pb.go:237.41,239.2 1 0
github.com/ACLzz/qshare/internal/protobuf/gen/securemessage/securemessage.pb.go:241.39,241.40 0 0
github.com/ACLzz/qshare/internal/protobuf/gen/securemessage/securemessage.pb.go:243.61,245.14 2 0
github.com/ACLzz/qshare/internal/protobuf/gen/securemessage/securemessage.pb.go:245.14,247.34 2 0
github.com/ACLzz/qshare/internal/protobuf/gen/securemessage/securemessage.pb.go:247.34,249.4 1 0
github.com/ACLzz/qshare/internal/protobuf/gen/securemessage/securemessage.pb.go:250.3,250.12 1 0
github.com/ACLzz/qshare/internal/protobuf/gen/securemessage/securemessage.pb.go:252.2,252.24 1 0
github.com/ACLzz/qshare/internal/protobuf/gen/securemessage/securemessage.pb.go:256.52,258.2 1 0
github.com/ACLzz/qshare/internal/protobuf/gen/securemessage/securemessage.pb.go:260.51,261.14 1 0
github.com/ACLzz/qshare/internal/protobuf/gen/securemessage/securemessage.pb.go:261.14,263.3 1 0
github.com/ACLzz/qshare/internal/protobuf/gen/securemessage/securemessage.pb.go:264.2,264.12 1 0
github.com/ACLzz/qshare/internal/protobuf/gen/securemessage/securemessage.pb.go:267.47,268.14 1 0
github.com/ACLzz/qshare/internal/protobuf/gen/securemessage/securemessage.pb.go:268.14,270.3 1 0
github.com/ACLzz/qshare/internal/protobuf/gen/securemessage/securemessage.pb.go:271.2,271.12 1 0
github.com/ACLzz/qshare/internal/protobuf/gen/securemessage/securemessage.pb.go:298.26,303.2 4 0
github.com/ACLzz/qshare/internal/protobuf/gen/securemessage/securemessage.pb.go:305.34,307.2 1 0
github.com/ACLzz/qshare/internal/protobuf/gen/securemessage/securemessage.pb.go:309.32,309.33 0 0
github.com/ACLzz/qshare/internal/protobuf/gen/securemessage/securemessage.pb.go:311.54,313.14 2 0
github.com/ACLzz/qshare/internal/protobuf/gen/securemessage/securemessage.pb.go:313.14,315.34 2 0
github.com/ACLzz/qshare/internal/protobuf/gen/securemessage/securemessage.pb.go:315.34,317.4 1 0
github.com/ACLzz/qshare/internal/protobuf/gen/securemessage/securemessage.pb.go:318.3,318.12 1 0
github.com/ACLzz/qshare/internal/protobuf/gen/securemessage/securemessage.pb.go:320.2,320.24 1 0
github.com/ACLzz/qshare/internal/protobuf/gen/securemessage/securemessage.pb.go:324.45,326.2 1 0
github.com/ACLzz/qshare/internal/protobuf/gen/securemessage/securemessage.pb.go:328.49,329.42 1 0
github.com/ACLzz/qshare/internal/protobuf/gen/securemessage/securemessage.pb.go:329.42,331.3 1 0
github.com/ACLzz/qshare/internal/protobuf/gen/securemessage/securemessage.pb.go:332.2,332.30 1 0
github.com/ACLzz/qshare/internal/protobuf/gen/securemessage/securemessage.pb.go:335.50,336.43 1 0
github.com/ACLzz/qshare/internal/protobuf/gen/securemessage/securemessage.pb.go:336.43,338.3 1 0
github.com/ACLzz/qshare/internal/protobuf/gen/securemessage/securemessage.pb.go:339.2,339.23 1 0
github.com/ACLzz/qshare/internal/protobuf/gen/securemessage/securemessage.pb.go:342.48,343.14 1 0
github.com/ACLzz/qshare/internal/protobuf/gen/securemessage/securemessage.pb.go:343.14,345.3 1 0
github.com/ACLzz/qshare/internal/protobuf/gen/securemessage/securemessage.pb.go:346.2,346.12 1 0
github.com/ACLzz/qshare/internal/protobuf/gen/securemessage/securemessage.pb.go:349.46,350.14 1 0
github.com/ACLzz/qshare/internal/protobuf/gen/securemessage/securemessage.pb.go:350.14,352.3 1 0
github.com/ACLzz/qshare/internal/protobuf/gen/securemessage/securemessage.pb.go:353.2,353.12 1 0
github.com/ACLzz/qshare/internal/protobuf/gen/securemessage/securemessage.pb.go:356.33,357.14 1 0
github.com/ACLzz/qshare/internal/protobuf/gen/securemessage/securemessage.pb.go:357.14,359.3 1 0
github.com/ACLzz/qshare/internal/protobuf/gen/securemessage/securemessage.pb.go:360.2,360.12 1 0
github.com/ACLzz/qshare/internal/protobuf/gen/securemessage/securemessage.pb.go:363.45,364.14 1 0
github.com/ACLzz/qshare/internal/protobuf/gen/securemessage/securemessage.pb.go:364.14,366.3 1 0
github.com/ACLzz/qshare/internal/protobuf/gen/securemessage/securemessage.pb.go:367.2,367.12 1 0
github.com/ACLzz/qshare/internal/protobuf/gen/securemessage/securemessage.pb.go:370.51,371.47 1 0
github.com/ACLzz/qshare/internal/protobuf/gen/securemessage/securemessage.pb.go:371.47,373.3 1 0
github.com/ACLzz/qshare/internal/protobuf/gen/securemessage/securemessage.pb.go:374.2,374.44 1 0
github.com/ACLzz/qshare/internal/protobuf/gen/securemessage/securemessage.pb.go:387.33,392.2 4 0
github.com/ACLzz/qshare/internal/protobuf/gen/securemessage/securemessage.pb.go:394.41,396.2 1 0
github.com/ACLzz/qshare/internal/protobuf/gen/securemessage/securemessage.pb.go:398.39,398.40 0 0
github.com/ACLzz/qshare/internal/protobuf/gen/securemessage/securemessage.pb.go:400.61,402.14 2 0
github.com/ACLzz/qshare/internal/protobuf/gen/securemessage/securemessage.pb.go:402.14,404.34 2 0
github.com/ACLzz/qshare/internal/protobuf/gen/securemessage/securemessage.pb.go:404.34,406.4 1 0
github.com/ACLzz/qshare/internal/protobuf/gen/securemessage/securemessage.pb.go:407.3,407.12 1 0
github.com/ACLzz/qshare/internal/protobuf/gen/securemessage/securemessage.pb.go:409.2,409.24 1 0
github.com/ACLzz/qshare/internal/protobuf/gen/securemessage/securemessage.pb.go:413.52,415.2 1 0
github.com/ACLzz/qshare/internal/protobuf/gen/securemessage/securemessage.pb.go:417.45,418.14 1 0
github.com/ACLzz/qshare/internal/protobuf/gen/securemessage/securemessage.pb.go:418.14,420.3 1 0
github.com/ACLzz/qshare/internal/protobuf/gen/securemessage/securemessage.pb.go:421.2,421.12 1 0
github.com/ACLzz/qshare/internal/protobuf/gen/securemessage/securemessage.pb.go:424.42,425.14 1 0
github.com/ACLzz/qshare/internal/protobuf/gen/securemessage/securemessage.pb.go:425.14,427.3 1 0
github.com/ACLzz/qshare/internal/protobuf/gen/securemessage/securemessage.pb.go:428.2,428.12 1 0
github.com/ACLzz/qshare/internal/protobuf/gen/securemessage/securemessage.pb.go:446.41,451.2 4 0
github.com/ACLzz/qshare/internal/protobuf/gen/securemessage/securemessage.pb.go:453.49,455.2 1 0
github.com/ACLzz/qshare/internal/protobuf/gen/securemessage/securemessage.pb.go:457.47,457.48 0 0
github.com/ACLzz/qshare/internal/protobuf/gen/securemessage/securemessage.pb.go:459.69,461.14 2 0
github.com/ACLzz/qshare/internal/protobuf/gen/securemessage/securemessage.pb.go:461.14,463.34 2 0
github.com/ACLzz/qshare/internal/protobuf/gen/securemessage/securemessage.pb.go:463.34,465.4 1 0
github.com/ACLzz/qshare/internal/protobuf/gen/securemessage/securemessage.pb.go:466.3,466.12 1 0
github.com/ACLzz/qshare/internal/protobuf/gen/securemessage/securemessage.pb.go:468.2,468.24 1 0
github.com/ACLzz/qshare/internal/protobuf/gen/securemessage/securemessage.pb.go:472.60,474.2 1 0
github.com/ACLzz/qshare/internal/protobuf/gen/securemessage/securemessage.pb.go:476.52,477.14 1 0
github.com/ACLzz/qshare/internal/protobuf/gen/securemessage/securemessage.pb.go:477.14,479.3 1 0
github.com/ACLzz/qshare/internal/protobuf/gen/securemessage/securemessage.pb.go:480.2,480.12 1 0
github.com/ACLzz/qshare/internal/protobuf/gen/securemessage/securemessage.pb.go:483.50,484.14 1 0
github.com/ACLzz/qshare/internal/protobuf/gen/securemessage/securemessage.pb.go:484.14,486.3 1 0
github.com/ACLzz/qshare/internal/protobuf/gen/securemessage/securemessage.pb.go:487.2,487.12 1 0
github.com/ACLzz/qshare/internal/protobuf/gen/securemessage/securemessage.pb.go:501.35,506.2 4 0
github.com/ACLzz/qshare/internal/protobuf/gen/securemessage/securemessage.pb.go:508.43,510.2 1 0
github.com/ACLzz/qshare/internal/protobuf/gen/securemessage/securemessage.pb.go:512.41,512.42 0 0
github.com/ACLzz/qshare/internal/protobuf/gen/securemessage/securemessage.pb.go:514.63,516.14 2 0
github.com/ACLzz/qshare/internal/protobuf/gen/securemessage/securemessage.pb.go:516.14,518.34 2 0
github.com/ACLzz/qshare/internal/protobuf/gen/securemessage/securemessage.pb.go:518.34,520.4 1 0
github.com/ACLzz/qshare/internal/protobuf/gen/securemessage/securemessage.pb.go:521.3,521.12 1 0
github.com/ACLzz/qshare/internal/protobuf/gen/securemessage/securemessage.pb.go:523.2,523.24 1 0
github.com/ACLzz/qshare/internal/protobuf/gen/securemessage/securemessage.pb.go:527.54,529.2 1 0
github.com/ACLzz/qshare/internal/protobuf/gen/securemessage/securemessage.pb.go:531.41,532.14 1 0
github.com/ACLzz/qshare/internal/protobuf/gen/securemessage/securemessage.pb.go:532.14,534.3 1 0
github.com/ACLzz/qshare/internal/protobuf/gen/securemessage/securemessage.pb.go:535.2,535.12 1 0
github.com/ACLzz/qshare/internal/protobuf/gen/securemessage/securemessage.pb.go:538.41,539.14 1 0
github.com/ACLzz/qshare/internal/protobuf/gen/securemessage/securemessage.pb.go:539.14,541.3 1 0
github.com/ACLzz/qshare/internal/protobuf/gen/securemessage/securemessage.pb.go:542.2,542.12 1 0
github.com/ACLzz/qshare/internal/protobuf/gen/securemessage/securemessage.pb.go:560.38,565.2 4 0
github.com/ACLzz/qshare/internal/protobuf/gen/securemessage/securemessage.pb.go:567.46,569.2 1 0
github.com/ACLzz/qshare/internal/protobuf/gen/securemessage/securemessage.pb.go:571.44,571.45 0 0
github.com/ACLzz/qshare/internal/protobuf/gen/securemessage/securemessage.pb.go:573.66,575.14 2 0
github.com/ACLzz/qshare/internal/protobuf/gen/securemessage/securemessage.pb.go:575.14,577.34 2 0
github.com/ACLzz/qshare/internal/protobuf/gen/securemessage/securemessage.pb.go:577.34,579.4 1 0
github.com/ACLzz/qshare/internal/protobuf/gen/securemessage/securemessage.pb.go:580.3,580.12 1 0
github.com/ACLzz/qshare/internal/protobuf/gen/securemessage/securemessage.pb.go:582.2,582.24 1 0
github.com/ACLzz/qshare/internal/protobuf/gen/securemessage/securemessage.pb.go:586.57,588.2 1 0
github.com/ACLzz/qshare/internal/protobuf/gen/securemessage/securemessage.pb.go:590.44,591.14 1 0
github.com/ACLzz/qshare/internal/protobuf/gen/securemessage/securemessage.pb.go:591.14,593.3 1 0
github.com/ACLzz/qshare/internal/protobuf/gen/securemessage/securemessage.pb.go:594.2,594.12 1 0
github.com/ACLzz/qshare/internal/protobuf/gen/securemessage/securemessage.pb.go:597.43,598.28 1 0
github.com/ACLzz/qshare/internal/protobuf/gen/securemessage/securemessage.pb.go:598.28,600.3 1 0
github.com/ACLzz/qshare/internal/protobuf/gen/securemessage/securemessage.pb.go:601.2,601.37 1 0
github.com/ACLzz/qshare/internal/protobuf/gen/securemessage/securemessage.pb.go:615.31,620.2 4 0
github.com/ACLzz/qshare/internal/protobuf/gen/securemessage/securemessage.pb.go:622.39,624.2 1 0
github.com/ACLzz/qshare/internal/protobuf/gen/securemessage/securemessage.pb.go:626.37,626.38 0 0
github.com/ACLzz/qshare/internal/protobuf/gen/securemessage/securemessage.pb.go:628.59,630.14 2 0
github.com/ACLzz/qshare/internal/protobuf/gen/securemessage/securemessage.pb.go:630.14,632.34 2 0
github.com/ACLzz/qshare/internal/protobuf/gen/securemessage/securemessage.pb.go:632.34,634.4 1 0
github.com/ACLzz/qshare/internal/protobuf/gen/securemessage/securemessage.pb.go:635.3,635.12 1 0
github.com/ACLzz/qshare/internal/protobuf/gen/securemessage/securemessage.pb.go:637.2,637.24 1 0
github.com/ACLzz/qshare/internal/protobuf/gen/securemessage/securemessage.pb.go:641.50,643.2 1 0
github.com/ACLzz/qshare/internal/protobuf/gen/securemessage/securemessage.pb.go:645.37,646.14 1 0
github.com/ACLzz/qshare/internal/protobuf/gen/securemessage/securemessage.pb.go:646.14,648.3 1 0
github.com/ACLzz/qshare/internal/protobuf/gen/securemessage/securemessage.pb.go:649.2,649.12 1 0
github.com/ACLzz/qshare/internal/protobuf/gen/securemessage/securemessage.pb.go:663.36,668.2 4 0
github.com/ACLzz/qshare/internal/protobuf/gen/securemessage/securemessage.pb.go:670.44,672.2 1 0
github.com/ACLzz/qshare/internal/protobuf/gen/securemessage/securemessage.pb.go:674.42,674.43 0 0
github.com/ACLzz/qshare/internal/protobuf/gen/securemessage/securemessage.pb.go:676.64,678.14 2 0
github.com/ACLzz/qshare/internal/protobuf/gen/securemessage/securemessage.pb.go:678.14,680.34 2 0
github.com/ACLzz/qshare/internal/protobuf/gen/securemessage/securemessage.pb.go:680.34,682.4 1 0
github.com/ACLzz/qshare/internal/protobuf/gen/securemessage/securemessage.pb.go:683.3,683.12 1 0
github.com/ACLzz/qshare/internal/protobuf/gen/securemessage/securemessage.pb.go:685.2,685.24 1 0
github.com/ACLzz/qshare/internal/protobuf/gen/securemessage/securemessage.pb.go:689.55,691.2 1 0
github.com/ACLzz/qshare/internal/protobuf/gen/securemessage/securemessage.pb.go:693.52,694.31 1 0
github.com/ACLzz/qshare/internal/protobuf/gen/securemessage/securemessage.pb.go:694.31,696.3 1 0
github.com/ACLzz/qshare/internal/protobuf/gen/securemessage/securemessage.pb.go:697.2,697.30 1 0
github.com/ACLzz/qshare/internal/protobuf/gen/securemessage/securemessage.pb.go:700.66,701.14 1 0
github.com/ACLzz/qshare/internal/protobuf/gen/securemessage/securemessage.pb.go:701.14,703.3 1 0
github.com/ACLzz/qshare/internal/protobuf/gen/securemessage/securemessage.pb.go:704.2,704.12 1 0
github.com/ACLzz/qshare/internal/protobuf/gen/securemessage/securemessage.pb.go:707.70,708.14 1 0
github.com/ACLzz/qshare/internal/protobuf/gen/securemessage/securemessage.pb.go:708.14,710.3 1 0
github.com/ACLzz/qshare/internal/protobuf/gen/securemessage/securemessage.pb.go:711.2,711.12 1 0
github.com/ACLzz/qshare/internal/protobuf/gen/securemessage/securemessage.pb.go:714.62,715.14 1 0
github.com/ACLzz/qshare/internal/protobuf/gen/securemessage/securemessage.pb.go:715.14,717.3 1 0
github.com/ACLzz/qshare/internal/protobuf/gen/securemessage/securemessage.pb.go:718.2,718.12 1 0
github.com/ACLzz/qshare/internal/protobuf/gen/securemessage/securemessage.pb.go:774.52,775.49 1 0
github.com/ACLzz/qshare/internal/protobuf/gen/securemessage/securemessage.pb.go:775.49,777.3 1 0
github.com/ACLzz/qshare/internal/protobuf/gen/securemessage/securemessage.pb.go:778.2,778.45 1 0
github.com/ACLzz/qshare/internal/protobuf/gen/securemessage/securemessage.pb.go:811.13,811.48 1 0
github.com/ACLzz/qshare/internal/protobuf/gen/securemessage/securemessage.pb.go:812.38,813.37 1 0
github.com/ACLzz/qshare/internal/protobuf/gen/securemessage/securemessage.pb.go:813.37,815.3 1 0
github.com/ACLzz/qshare/internal/protobuf/gen/securemessage/securemessage.pb.go:816.2,833.40 5 0
github.com/ACLzz/qshare/internal/protobuf/gen/securegcm/device_to_device_messages.pb.go:56.30,60.2 3 0
github.com/ACLzz/qshare/internal/protobuf/gen/securegcm/device_to_device_messages.pb.go:62.32,64.2 1 0
github.com/ACLzz/qshare/internal/protobuf/gen/securegcm/device_to_device_messages.pb.go:66.55,68.2 1 0
github.com/ACLzz/qshare/internal/protobuf/gen/securegcm/device_to_device_messages.pb.go:70.43,72.2 1 0
github.com/ACLzz/qshare/internal/protobuf/gen/securegcm/device_to_device_messages.pb.go:74.49,76.2 1 0
github.com/ACLzz/qshare/internal/protobuf/gen/securegcm/device_to_device_messages.pb.go:79.47,81.16 2 0
github.com/ACLzz/qshare/internal/protobuf/gen/securegcm/device_to_device_messages.pb.go:81.16,83.3 1 0
github.com/ACLzz/qshare/internal/protobuf/gen/securegcm/device_to_device_messages.pb.go:84.2,85.12 2 0
github.com/ACLzz/qshare/internal/protobuf/gen/securegcm/device_to_device_messages.pb.go:89.47,91.2 1 0
github.com/ACLzz/qshare/internal/protobuf/gen/securegcm/device_to_device_messages.pb.go:104.41,109.2 4 0
github.com/ACLzz/qshare/internal/protobuf/gen/securegcm/device_to_device_messages.pb.go:111.49,113.2 1 0
github.com/ACLzz/qshare/internal/protobuf/gen/securegcm/device_to_device_messages.pb.go:115.47,115.48 0 0
github.com/ACLzz/qshare/internal/protobuf/gen/securegcm/device_to_device_messages.pb.go:117.69,119.14 2 0
github.com/ACLzz/qshare/internal/protobuf/gen/securegcm/device_to_device_messages.pb.go:119.14,121.34 2 0
github.com/ACLzz/qshare/internal/protobuf/gen/securegcm/device_to_device_messages.pb.go:121.34,123.4 1 0
github.com/ACLzz/qshare/internal/protobuf/gen/securegcm/device_to_device_messages.pb.go:124.3,124.12 1 0
github.com/ACLzz/qshare/internal/protobuf/gen/securegcm/device_to_device_messages.pb.go:126.2,126.24 1 0
github.com/ACLzz/qshare/internal/protobuf/gen/securegcm/device_to_device_messages.pb.go:130.60,132.2 1 0
github.com/ACLzz/qshare/internal/protobuf/gen/securegcm/device_to_device_messages.pb.go:134.53,135.14 1 0
github.com/ACLzz/qshare/internal/protobuf/gen/securegcm/device_to_device_messages.pb.go:135.14,137.3 1 0
github.com/ACLzz/qshare/internal/protobuf/gen/securegcm/device_to_device_messages.pb.go:138.2,138.12 1 0
github.com/ACLzz/qshare/internal/protobuf/gen/securegcm/device_to_device_messages.pb.go:141.59,142.41 1 0
github.com/ACLzz/qshare/internal/protobuf/gen/securegcm/device_to_device_messages.pb.go:142.41,144.3 1 0
github.com/ACLzz/qshare/internal/protobuf/gen/securegcm/device_to_device_messages.pb.go:145.2,145.10 1 0
github.com/ACLzz/qshare/internal/protobuf/gen/securegcm/device_to_device_messages.pb.go:165.34,170.2 4 0
github.com/ACLzz/qshare/internal/protobuf/gen/securegcm/device_to_device_messages.pb.go:172.42,174.2 1 0
github.com/ACLzz/qshare/internal/protobuf/gen/securegcm/device_to_device_messages.pb.go:176.40,176.41 0 0
github.com/ACLzz/qshare/internal/protobuf/gen/securegcm/device_to_device_messages.pb.go:178.62,180.14 2 0
github.com/ACLzz/qshare/internal/protobuf/gen/securegcm/device_to_device_messages.pb.go:180.14,182.34 2 0
github.com/ACLzz/qshare/internal/protobuf/gen/securegcm/device_to_device_messages.pb.go:182.34,184.4 1 0
github.com/ACLzz/qshare/internal/protobuf/gen/securegcm/device_to_device_messages.pb.go:185.3,185.12 1 0
github.com/ACLzz/qshare/internal/protobuf/gen/securegcm/device_to_device_messages.pb.go:187.2,187.24 1 0
github.com/ACLzz/qshare/internal/protobuf/gen/securegcm/device_to_device_messages.pb.go:191.53,193.2 1 0
github.com/ACLzz/qshare/internal/protobuf/gen/securegcm/device_to_device_messages.pb.go:195.75,196.14 1 0
github.com/ACLzz/qshare/internal/protobuf/gen/securegcm/device_to_device_messages.pb.go:196.14,198.3 1 0
github.com/ACLzz/qshare/internal/protobuf/gen/securegcm/device_to_device_messages.pb.go:199.2,199.12 1 0
github.com/ACLzz/qshare/internal/protobuf/gen/securegcm/device_to_device_messages.pb.go:202.53,203.42 1 0
github.com/ACLzz/qshare/internal/protobuf/gen/securegcm/device_to_device_messages.pb.go:203.42,205.3 1 0
github.com/ACLzz/qshare/internal/protobuf/gen/securegcm/device_to_device_messages.pb.go:206.2,206.47 1 0
github.com/ACLzz/qshare/internal/protobuf/gen/securegcm/device_to_device_messages.pb.go:226.34,231.2 4 0
github.com/ACLzz/qshare/internal/protobuf/gen/securegcm/device_to_device_messages.pb.go:233.42,235.2 1 0
github.com/ACLzz/qshare/internal/protobuf/gen/securegcm/device_to_device_messages.pb.go:237.40,237.41 0 0
github.com/ACLzz/qshare/internal/protobuf/gen/securegcm/device_to_device_messages.pb.go:239.62,241.14 2 0
github.com/ACLzz/qshare/internal/protobuf/gen/securegcm/device_to_device_messages.pb.go:241.14,243.34 2 0
github.com/ACLzz/qshare/internal/protobuf/gen/securegcm/device_to_device_messages.pb.go:243.34,245.4 1 0
github.com/ACLzz/qshare/internal/protobuf/gen/securegcm/device_to_device_messages.pb.go:246.3,246.12 1 0
github.com/ACLzz/qshare/internal/protobuf/gen/securegcm/device_to_device_messages.pb.go:248.2,248.24 1 0
github.com/ACLzz/qshare/internal/protobuf/gen/securegcm/device_to_device_messages.pb.go:252.53,254.2 1 0
github.com/ACLzz/qshare/internal/protobuf/gen/securegcm/device_to_device_messages.pb.go:256.75,257.14 1 0
github.com/ACLzz/qshare/internal/protobuf/gen/securegcm/device_to_device_messages.pb.go:257.14,259.3 1 0
github.com/ACLzz/qshare/internal/protobuf/gen/securegcm/device_to_device_messages.pb.go:260.2,260.12 1 0
github.com/ACLzz/qshare/internal/protobuf/gen/securegcm/device_to_device_messages.pb.go:263.53,264.42 1 0
github.com/ACLzz/qshare/internal/protobuf/gen/securegcm/device_to_device_messages.pb.go:264.42,266.3 1 0
github.com/ACLzz/qshare/internal/protobuf/gen/securegcm/device_to_device_messages.pb.go:267.2,267.47 1 0
github.com/ACLzz/qshare/internal/protobuf/gen/securegcm/device_to_device_messages.pb.go:282.27,287.2 4 0
github.com/ACLzz/qshare/internal/protobuf/gen/securegcm/device_to_device_messages.pb.go:289.35,291.2 1 0
github.com/ACLzz/qshare/internal/protobuf/gen/securegcm/device_to_device_messages.pb.go:293.33,293.34 0 0
github.com/ACLzz/qshare/internal/protobuf/gen/securegcm/device_to_device_messages.pb.go:295.55,297.14 2 0
github.com/ACLzz/qshare/internal/protobuf/gen/securegcm/device_to_device_messages.pb.go:297.14,299.34 2 0
github.com/ACLzz/qshare/internal/protobuf/gen/securegcm/device_to_device_messages.pb.go:299.34,301.4 1 0
github.com/ACLzz/qshare/internal/protobuf/gen/securegcm/device_to_device_messages.pb.go:302.3,302.12 1 0
github.com/ACLzz/qshare/internal/protobuf/gen/securegcm/device_to_device_messages.pb.go:304.2,304.24 1 0
github.com/ACLzz/qshare/internal/protobuf/gen/securegcm/device_to_device_messages.pb.go:308.46,310.2 1 0
github.com/ACLzz/qshare/internal/protobuf/gen/securegcm/device_to_device_messages.pb.go:312.36,313.32 1 0
github.com/ACLzz/qshare/internal/protobuf/gen/securegcm/device_to_device_messages.pb.go:313.32,315.3 1 0
github.com/ACLzz/qshare/internal/protobuf/gen/securegcm/device_to_device_messages.pb.go:316.2,316.23 1 0
github.com/ACLzz/qshare/internal/protobuf/gen/securegcm/device_to_device_messages.pb.go:319.33,320.14 1 0
github.com/ACLzz/qshare/internal/protobuf/gen/securegcm/device_to_device_messages.pb.go:320.14,322.3 1 0
github.com/ACLzz/qshare/internal/protobuf/gen/securegcm/device_to_device_messages.pb.go:323.2,323.12 1 0
github.com/ACLzz/qshare/internal/protobuf/gen/securegcm/device_to_device_messages.pb.go:326.33,327.14 1 0
github.com/ACLzz/qshare/internal/protobuf/gen/securegcm/device_to_device_messages.pb.go:327.14,329.3 1 0
github.com/ACLzz/qshare/internal/protobuf/gen/securegcm/device_to_device_messages.pb.go:330.2,330.12 1 0
github.com/ACLzz/qshare/internal/protobuf/gen/securegcm/device_to_device_messages.pb.go:348.41,353.2 4 0
github.com/ACLzz/qshare/internal/protobuf/gen/securegcm/device_to_device_messages.pb.go:355.49,357.2 1 0
github.com/ACLzz/qshare/internal/protobuf/gen/securegcm/device_to_device_messages.pb.go:359.47,359.48 0 0
github.com/ACLzz/qshare/internal/protobuf/gen/securegcm/device_to_device_messages.pb.go:361.69,363.14 2 0
github.com/ACLzz/qshare/internal/protobuf/gen/securegcm/device_to_device_messages.pb.go:363.14,365.34 2 0
github.com/ACLzz/qshare/internal/protobuf/gen/securegcm/device_to_device_messages.pb.go:365.34,367.4 1 0
github.com/ACLzz/qshare/internal/protobuf/gen/securegcm/device_to_device_messages.pb.go:368.3,368.12 1 0
github.com/ACLzz/qshare/internal/protobuf/gen/securegcm/device_to_device_messages.pb.go:370.2,370.24 1 0
github.com/ACLzz/qshare/internal/protobuf/gen/securegcm/device_to_device_messages.pb.go:374.60,376.2 1 0
github.com/ACLzz/qshare/internal/protobuf/gen/securegcm/device_to_device_messages.pb.go:378.55,379.37 1 0
github.com/ACLzz/qshare/internal/protobuf/gen/securegcm/device_to_device_messages.pb.go:379.37,381.3 1 0
github.com/ACLzz/qshare/internal/protobuf/gen/securegcm/device_to_device_messages.pb.go:382.2,382.10 1 0
github.com/ACLzz/qshare/internal/protobuf/gen/securegcm/device_to_device_messages.pb.go:385.55,386.14 1 0
github.com/ACLzz/qshare/internal/protobuf/gen/securegcm/device_to_device_messages.pb.go:386.14,388.3 1 0
github.com/ACLzz/qshare/internal/protobuf/gen/securegcm/device_to_device_messages.pb.go:389.2,389.12 1 0
github.com/ACLzz/qshare/internal/protobuf/gen/securegcm/device_to_device_messages.pb.go:392.55,393.14 1 0
github.com/ACLzz/qshare/internal/protobuf/gen/securegcm/device_to_device_messages.pb.go:393.14,395.3 1 0
github.com/ACLzz/qshare/internal/protobuf/gen/securegcm/device_to_device_messages.pb.go:396.2,396.12 1 0
github.com/ACLzz/qshare/internal/protobuf/gen/securegcm/device_to_device_messages.pb.go:399.53,400.14 1 0
github.com/ACLzz/qshare/internal/protobuf/gen/securegcm/device_to_device_messages.pb.go:400.14,402.3 1 0
github.com/ACLzz/qshare/internal/protobuf/gen/securegcm/device_to_device_messages.pb.go:403.2,403.12 1 0
github.com/ACLzz/qshare/internal/protobuf/gen/securegcm/device_to_device_messages.pb.go:440.64,441.61 1 0
github.com/ACLzz/qshare/internal/protobuf/gen/securegcm/device_to_device_messages.pb.go:441.61,443.3 1 0
github.com/ACLzz/qshare/internal/protobuf/gen/securegcm/device_to_device_messages.pb.go:444.2,444.57 1 0
github.com/ACLzz/qshare/internal/protobuf/gen/securegcm/device_to_device_messages.pb.go:470.13,470.60 1 0
github.com/ACLzz/qshare/internal/protobuf/gen/securegcm/device_to_device_messages.pb.go:471.50,472.49 1 0
github.com/ACLzz/qshare/internal/protobuf/gen/securegcm/device_to_device_messages.pb.go:472.49,474.3 1 0
github.com/ACLzz/qshare/internal/protobuf/gen/securegcm/device_to_device_messages.pb.go:475.2,492.52 5 0
github.com/ACLzz/qshare/internal/protobuf/gen/securegcm/securegcm.pb.go:61.66,65.2 3 0
github.com/ACLzz/qshare/internal/protobuf/gen/securegcm/securegcm.pb.go:67.50,69.2 1 0
github.com/ACLzz/qshare/internal/protobuf/gen/securegcm/securegcm.pb.go:71.73,73.2 1 0
github.com/ACLzz/qshare/internal/protobuf/gen/securegcm/securegcm.pb.go:75.61,77.2 1 0
github.com/ACLzz/qshare/internal/protobuf/gen/securegcm/securegcm.pb.go:79.67,81.2 1 0
github.com/ACLzz/qshare/internal/protobuf/gen/securegcm/securegcm.pb.go:84.65,86.16 2 0
github.com/ACLzz/qshare/internal/protobuf/gen/securegcm/securegcm.pb.go:86.16,88.3 1 0
github.com/ACLzz/qshare/internal/protobuf/gen/securegcm/securegcm.pb.go:89.2,90.12 2 0
github.com/ACLzz/qshare/internal/protobuf/gen/securegcm/securegcm.pb.go:94.65,96.2 1 0
github.com/ACLzz/qshare/internal/protobuf/gen/securegcm/securegcm.pb.go:131.40,135.2 3 0
github.com/ACLzz/qshare/internal/protobuf/gen/securegcm/securegcm.pb.go:137.37,139.2 1 0
github.com/ACLzz/qshare/internal/protobuf/gen/securegcm/securegcm.pb.go:141.60,143.2 1 0
github.com/ACLzz/qshare/internal/protobuf/gen/securegcm/securegcm.pb.go:145.48,147.2 1 0
github.com/ACLzz/qshare/internal/protobuf/gen/securegcm/securegcm.pb.go:149.54,151.2 1 0
github.com/ACLzz/qshare/internal/protobuf/gen/securegcm/securegcm.pb.go:154.52,156.16 2 0
github.com/ACLzz/qshare/internal/protobuf/gen/securegcm/securegcm.pb.go:156.16,158.3 1 0
github.com/ACLzz/qshare/internal/protobuf/gen/securegcm/securegcm.pb.go:159.2,160.12 2 0
github.com/ACLzz/qshare/internal/protobuf/gen/securegcm/securegcm.pb.go:164.52,166.2 1 0
github.com/ACLzz/qshare/internal/protobuf/gen/securegcm/securegcm.pb.go:209.50,213.2 3 0
github.com/ACLzz/qshare/internal/protobuf/gen/securegcm/securegcm.pb.go:215.42,217.2 1 0
github.com/ACLzz/qshare/internal/protobuf/gen/securegcm/securegcm.pb.go:219.65,221.2 1 0
github.com/ACLzz/qshare/internal/protobuf/gen/securegcm/securegcm.pb.go:223.53,225.2 1 0
github.com/ACLzz/qshare/internal/protobuf/gen/securegcm/securegcm.pb.go:227.59,229.2 1 0
github.com/ACLzz/qshare/internal/protobuf/gen/securegcm/securegcm.pb.go:232.57,234.16 2 0
github.com/ACLzz/qshare/internal/protobuf/gen/securegcm/securegcm.pb.go:234.16,236.3 1 0
github.com/ACLzz/qshare/internal/protobuf/gen/securegcm/securegcm.pb.go:237.2,238.12 2 0
github.com/ACLzz/qshare/internal/protobuf/gen/securegcm/securegcm.pb.go:242.57,244.2 1 0
github.com/ACLzz/qshare/internal/protobuf/gen/securegcm/securegcm.pb.go:327.52,331.2 3 0
github.com/ACLzz/qshare/internal/protobuf/gen/securegcm/securegcm.pb.go:333.43,335.2 1 0
github.com/ACLzz/qshare/internal/protobuf/gen/securegcm/securegcm.pb.go:337.66,339.2 1 0
github.com/ACLzz/qshare/internal/protobuf/gen/securegcm/securegcm.pb.go:341.54,343.2 1 0
github.com/ACLzz/qshare/internal/protobuf/gen/securegcm/securegcm.pb.go:345.60,347.2 1 0
github.com/ACLzz/qshare/internal/protobuf/gen/securegcm/securegcm.pb.go:350.58,352.16 2 0
github.com/ACLzz/qshare/internal/protobuf/gen/securegcm/securegcm.pb.go:352.16,354.3 1 0
github.com/ACLzz/qshare/internal/protobuf/gen/securegcm/securegcm.pb.go:355.2,356.12 2 0
github.com/ACLzz/qshare/internal/protobuf/gen/securegcm/securegcm.pb.go:360.58,362.2 1 0
github.com/ACLzz/qshare/internal/protobuf/gen/securegcm/securegcm.pb.go:448.28,452.2 3 0
github.com/ACLzz/qshare/internal/protobuf/gen/securegcm/securegcm.pb.go:454.31,456.2 1 0
github.com/ACLzz/qshare/internal/protobuf/gen/securegcm/securegcm.pb.go:458.54,460.2 1 0
github.com/ACLzz/qshare/internal/protobuf/gen/securegcm/securegcm.pb.go:462.42,464.2 1 0
github.com/ACLzz/qshare/internal/protobuf/gen/securegcm/securegcm.pb.go:466.48,468.2 1 0
github.com/ACLzz/qshare/internal/protobuf/gen/securegcm/securegcm.pb.go:471.46,473.16 2 0
github.com/ACLzz/qshare/internal/protobuf/gen/securegcm/securegcm.pb.go:473.16,475.3 1 0
github.com/ACLzz/qshare/internal/protobuf/gen/securegcm/securegcm.pb.go:476.2,477.12 2 0
github.com/ACLzz/qshare/internal/protobuf/gen/securegcm/securegcm.pb.go:481.46,483.2 1 0
github.com/ACLzz/qshare/internal/protobuf/gen/securegcm/securegcm.pb.go:605.33,610.2 4 0
github.com/ACLzz/qshare/internal/protobuf/gen/securegcm/securegcm.pb.go:612.41,614.2 1 0
github.com/ACLzz/qshare/internal/protobuf/gen/securegcm/securegcm.pb.go:616.39,616.40 0 0
github.com/ACLzz/qshare/internal/protobuf/gen/securegcm/securegcm.pb.go:618.61,620.14 2 0
github.com/ACLzz/qshare/internal/protobuf/gen/securegcm/securegcm.pb.go:620.14,622.34 2 0
github.com/ACLzz/qshare/internal/protobuf/gen/securegcm/securegcm.pb.go:622.34,624.4 1 0
github.com/ACLzz/qshare/internal/protobuf/gen/securegcm/securegcm.pb.go:625.3,625.12 1 0
github.com/ACLzz/qshare/internal/protobuf/gen/securegcm/securegcm.pb.go:627.2,627.24 1 0
github.com/ACLzz/qshare/internal/protobuf/gen/securegcm/securegcm.pb.go:631.52,633.2 1 0
github.com/ACLzz/qshare/internal/protobuf/gen/securegcm/securegcm.pb.go:635.53,636.42 1 0
github.com/ACLzz/qshare/internal/protobuf/gen/securegcm/securegcm.pb.go:636.42,638.3 1 0
github.com/ACLzz/qshare/internal/protobuf/gen/securegcm/securegcm.pb.go:639.2,639.10 1 0
github.com/ACLzz/qshare/internal/protobuf/gen/securegcm/securegcm.pb.go:642.55,643.14 1 0
github.com/ACLzz/qshare/internal/protobuf/gen/securegcm/securegcm.pb.go:643.14,645.3 1 0
github.com/ACLzz/qshare/internal/protobuf/gen/securegcm/securegcm.pb.go:646.2,646.12 1 0
github.com/ACLzz/qshare/internal/protobuf/gen/securegcm/securegcm.pb.go:649.55,650.14 1 0
github.com/ACLzz/qshare/internal/protobuf/gen/securegcm/securegcm.pb.go:650.14,652.3 1 0
github.com/ACLzz/qshare/internal/protobuf/gen/securegcm/securegcm.pb.go:653.2,653.12 1 0
github.com/ACLzz/qshare/internal/protobuf/gen/securegcm/securegcm.pb.go:656.55,657.46 1 0
github.com/ACLzz/qshare/internal/protobuf/gen/securegcm/securegcm.pb.go:657.46,659.3 1 0
github.com/ACLzz/qshare/internal/protobuf/gen/securegcm/securegcm.pb.go:660.2,660.50 1 0
github.com/ACLzz/qshare/internal/protobuf/gen/securegcm/securegcm.pb.go:663.57,664.46 1 0
github.com/ACLzz/qshare/internal/protobuf/gen/securegcm/securegcm.pb.go:664.46,666.3 1 0
github.com/ACLzz/qshare/internal/protobuf/gen/securegcm/securegcm.pb.go:667.2,667.11 1 0
github.com/ACLzz/qshare/internal/protobuf/gen/securegcm/securegcm.pb.go:670.57,671.14 1 0
github.com/ACLzz/qshare/internal/protobuf/gen/securegcm/securegcm.pb.go:671.14,673.3 1 0
github.com/ACLzz/qshare/internal/protobuf/gen/securegcm/securegcm.pb.go:674.2,674.12 1 0
github.com/ACLzz/qshare/internal/protobuf/gen/securegcm/securegcm.pb.go:677.51,678.14 1 0
github.com/ACLzz/qshare/internal/protobuf/gen/securegcm/securegcm.pb.go:678.14,680.3 1 0
github.com/ACLzz/qshare/internal/protobuf/gen/securegcm/securegcm.pb.go:681.2,681.12 1 0
github.com/ACLzz/qshare/internal/protobuf/gen/securegcm/securegcm.pb.go:684.49,685.38 1 0
github.com/ACLzz/qshare/internal/protobuf/gen/securegcm/securegcm.pb.go:685.38,687.3 1 0
github.com/ACLzz/qshare/internal/protobuf/gen/securegcm/securegcm.pb.go:688.2,688.11 1 0
github.com/ACLzz/qshare/internal/protobuf/gen/securegcm/securegcm.pb.go:691.44,692.33 1 0
github.com/ACLzz/qshare/internal/protobuf/gen/securegcm/securegcm.pb.go:692.33,694.3 1 0
github.com/ACLzz/qshare/internal/protobuf/gen/securegcm/securegcm.pb.go:695.2,695.11 1 0
github.com/ACLzz/qshare/internal/protobuf/gen/securegcm/securegcm.pb.go:698.47,699.14 1 0
github.com/ACLzz/qshare/internal/protobuf/gen/securegcm/securegcm.pb.go:699.14,701.3 1 0
github.com/ACLzz/qshare/internal/protobuf/gen/securegcm/securegcm.pb.go:702.2,702.12 1 0
github.com/ACLzz/qshare/internal/protobuf/gen/securegcm/securegcm.pb.go:705.44,706.34 1 0
github.com/ACLzz/qshare/internal/protobuf/gen/securegcm/securegcm.pb.go:706.34,708.3 1 0
github.com/ACLzz/qshare/internal/protobuf/gen/securegcm/securegcm.pb.go:709.2,709.38 1 0
github.com/ACLzz/qshare/internal/protobuf/gen/securegcm/securegcm.pb.go:712.53,713.42 1 0
github.com/ACLzz/qshare/internal/protobuf/gen/securegcm/securegcm.pb.go:713.42,715.3 1 0
github.com/ACLzz/qshare/internal/protobuf/gen/securegcm/securegcm.pb.go:716.2,716.11 1 0
github.com/ACLzz/qshare/internal/protobuf/gen/securegcm/securegcm.pb.go:719.56,720.46 1 0
github.com/ACLzz/qshare/internal/protobuf/gen/securegcm/securegcm.pb.go:720.46,722.3 1 0
github.com/ACLzz/qshare/internal/protobuf/gen/securegcm/securegcm.pb.go:723.2,723.10 1 0
github.com/ACLzz/qshare/internal/protobuf/gen/securegcm/securegcm.pb.go:726.53,727.42 1 0
github.com/ACLzz/qshare/internal/protobuf/gen/securegcm/securegcm.pb.go:727.42,729.3 1 0
github.com/ACLzz/qshare/internal/protobuf/gen/securegcm/securegcm.pb.go:730.2,730.11 1 0
github.com/ACLzz/qshare/internal/protobuf/gen/securegcm/securegcm.pb.go:733.54,734.43 1 0
github.com/ACLzz/qshare/internal/protobuf/gen/securegcm/securegcm.pb.go:734.43,736.3 1 0
github.com/ACLzz/qshare/internal/protobuf/gen/securegcm/securegcm.pb.go:737.2,737.11 1 0
github.com/ACLzz/qshare/internal/protobuf/gen/securegcm/securegcm.pb.go:740.59,741.48 1 0
github.com/ACLzz/qshare/internal/protobuf/gen/securegcm/securegcm.pb.go:741.48,743.3 1 0
github.com/ACLzz/qshare/internal/protobuf/gen/securegcm/securegcm.pb.go:744.2,744.11 1 0
github.com/ACLzz/qshare/internal/protobuf/gen/securegcm/securegcm.pb.go:747.62,748.52 1 0
github.com/ACLzz/qshare/internal/protobuf/gen/securegcm/securegcm.pb.go:748.52,750.3 1 0
github.com/ACLzz/qshare/internal/protobuf/gen/securegcm/securegcm.pb.go:751.2,751.10 1 0
github.com/ACLzz/qshare/internal/protobuf/gen/securegcm/securegcm.pb.go:754.59,755.48 1 0
github.com/ACLzz/qshare/internal/protobuf/gen/securegcm/securegcm.pb.go:755.48,757.3 1 0
github.com/ACLzz/qshare/internal/protobuf/gen/securegcm/securegcm.pb.go:758.2,758.11 1 0
github.com/ACLzz/qshare/internal/protobuf/gen/securegcm/securegcm.pb.go:761.62,762.52 1 0
github.com/ACLzz/qshare/internal/protobuf/gen/securegcm/securegcm.pb.go:762.52,764.3 1 0
github.com/ACLzz/qshare/internal/protobuf/gen/securegcm/securegcm.pb.go:765.2,765.10 1 0
github.com/ACLzz/qshare/internal/protobuf/gen/securegcm/securegcm.pb.go:768.57,769.47 1 0
github.com/ACLzz/qshare/internal/protobuf/gen/securegcm/securegcm.pb.go:769.47,771.3 1 0
github.com/ACLzz/qshare/internal/protobuf/gen/securegcm/securegcm.pb.go:772.2,772.10 1 0
github.com/ACLzz/qshare/internal/protobuf/gen/securegcm/securegcm.pb.go:775.50,776.14 1 0
github.com/ACLzz/qshare/internal/protobuf/gen/securegcm/securegcm.pb.go:776.14,778.3 1 0
github.com/ACLzz/qshare/internal/protobuf/gen/securegcm/securegcm.pb.go:779.2,779.12 1 0
github.com/ACLzz/qshare/internal/protobuf/gen/securegcm/securegcm.pb.go:782.56,783.45 1 0
github.com/ACLzz/qshare/internal/protobuf/gen/securegcm/securegcm.pb.go:783.45,785.3 1 0
github.com/ACLzz/qshare/internal/protobuf/gen/securegcm/securegcm.pb.go:786.2,786.11 1 0
github.com/ACLzz/qshare/internal/protobuf/gen/securegcm/securegcm.pb.go:789.52,790.37 1 0
github.com/ACLzz/qshare/internal/protobuf/gen/securegcm/securegcm.pb.go:790.37,792.3 1 0
github.com/ACLzz/qshare/internal/protobuf/gen/securegcm/securegcm.pb.go:793.2,793.41 1 0
github.com/ACLzz/qshare/internal/protobuf/gen/securegcm/securegcm.pb.go:796.57,797.48 1 0
github.com/ACLzz/qshare/internal/protobuf/gen/securegcm/securegcm.pb.go:797.48,799.3 1 0
github.com/ACLzz/qshare/internal/protobuf/gen/securegcm/securegcm.pb.go:800.2,800.52 1 0
github.com/ACLzz/qshare/internal/protobuf/gen/securegcm/securegcm.pb.go:803.65,804.56 1 0
github.com/ACLzz/qshare/internal/protobuf/gen/securegcm/securegcm.pb.go:804.56,806.3 1 0
github.com/ACLzz/qshare/internal/protobuf/gen/securegcm/securegcm.pb.go:807.2,807.60 1 0
github.com/ACLzz/qshare/internal/protobuf/gen/securegcm/securegcm.pb.go:810.63,811.54 1 0
github.com/ACLzz/qshare/internal/protobuf/gen/securegcm/securegcm.pb.go:811.54,813.3 1 0
github.com/ACLzz/qshare/internal/protobuf/gen/securegcm/securegcm.pb.go:814.2,814.58 1 0
github.com/ACLzz/qshare/internal/protobuf/gen/securegcm/securegcm.pb.go:817.59,818.50 1 0
github.com/ACLzz/qshare/internal/protobuf/gen/securegcm/securegcm.pb.go:818.50,820.3 1 0
github.com/ACLzz/qshare/internal/protobuf/gen/securegcm/securegcm.pb.go:821.2,821.54 1 0
github.com/ACLzz/qshare/internal/protobuf/gen/securegcm/securegcm.pb.go:824.57,825.48 1 0
github.com/ACLzz/qshare/internal/protobuf/gen/securegcm/securegcm.pb.go:825.48,827.3 1 0
github.com/ACLzz/qshare/internal/protobuf/gen/securegcm/securegcm.pb.go:828.2,828.52 1 0
github.com/ACLzz/qshare/internal/protobuf/gen/securegcm/securegcm.pb.go:831.55,832.46 1 0
github.com/ACLzz/qshare/internal/protobuf/gen/securegcm/securegcm.pb.go:832.46,834.3 1 0
github.com/ACLzz/qshare/internal/protobuf/gen/securegcm/securegcm.pb.go:835.2,835.50 1 0
github.com/ACLzz/qshare/internal/protobuf/gen/securegcm/securegcm.pb.go:838.54,839.45 1 0
github.com/ACLzz/qshare/internal/protobuf/gen/securegcm/securegcm.pb.go:839.45,841.3 1 0
github.com/ACLzz/qshare/internal/protobuf/gen/securegcm/securegcm.pb.go:842.2,842.49 1 0
github.com/ACLzz/qshare/internal/protobuf/gen/securegcm/securegcm.pb.go:845.53,846.44 1 0
github.com/ACLzz/qshare/internal/protobuf/gen/securegcm/securegcm.pb.go:846.44,848.3 1 0
github.com/ACLzz/qshare/internal/protobuf/gen/securegcm/securegcm.pb.go:849.2,849.48 1 0
github.com/ACLzz/qshare/internal/protobuf/gen/securegcm/securegcm.pb.go:852.51,853.42 1 0
github.com/ACLzz/qshare/internal/protobuf/gen/securegcm/securegcm.pb.go:853.42,855.3 1 0
github.com/ACLzz/qshare/internal/protobuf/gen/securegcm/securegcm.pb.go:856.2,856.46 1 0
github.com/ACLzz/qshare/internal/protobuf/gen/securegcm/securegcm.pb.go:859.47,860.38 1 0
github.com/ACLzz/qshare/internal/protobuf/gen/securegcm/securegcm.pb.go:860.38,862.3 1 0
github.com/ACLzz/qshare/internal/protobuf/gen/securegcm/securegcm.pb.go:863.2,863.42 1 0
github.com/ACLzz/qshare/internal/protobuf/gen/securegcm/securegcm.pb.go:866.58,867.49 1 0
github.com/ACLzz/qshare/internal/protobuf/gen/securegcm/securegcm.pb.go:867.49,869.3 1 0
github.com/ACLzz/qshare/internal/protobuf/gen/securegcm/securegcm.pb.go:870.2,870.53 1 0
github.com/ACLzz/qshare/internal/protobuf/gen/securegcm/securegcm.pb.go:873.74,874.14 1 0
github.com/ACLzz/qshare/internal/protobuf/gen/securegcm/securegcm.pb.go:874.14,876.3 1 0
github.com/ACLzz/qshare/internal/protobuf/gen/securegcm/securegcm.pb.go:877.2,877.12 1 0
github.com/ACLzz/qshare/internal/protobuf/gen/securegcm/securegcm.pb.go:880.72,881.14 1 0
github.com/ACLzz/qshare/internal/protobuf/gen/securegcm/securegcm.pb.go:881.14,883.3 1 0
github.com/ACLzz/qshare/internal/protobuf/gen/securegcm/securegcm.pb.go:884.2,884.12 1 0
github.com/ACLzz/qshare/internal/protobuf/gen/securegcm/securegcm.pb.go:887.57,888.14 1 0
github.com/ACLzz/qshare/internal/protobuf/gen/securegcm/securegcm.pb.go:888.14,890.3 1 0
github.com/ACLzz/qshare/internal/protobuf/gen/securegcm/securegcm.pb.go:891.2,891.12 1 0
github.com/ACLzz/qshare/internal/protobuf/gen/securegcm/securegcm.pb.go:894.48,895.37 1 0
github.com/ACLzz/qshare/internal/protobuf/gen/securegcm/securegcm.pb.go:895.37,897.3 1 0
github.com/ACLzz/qshare/internal/protobuf/gen/securegcm/securegcm.pb.go:898.2,898.11 1 0
github.com/ACLzz/qshare/internal/protobuf/gen/securegcm/securegcm.pb.go:914.31,919.2 4 0
github.com/ACLzz/qshare/internal/protobuf/gen/securegcm/securegcm.pb.go:921.39,923.2 1 0
github.com/ACLzz/qshare/internal/protobuf/gen/securegcm/securegcm.pb.go:925.37,925.38 0 0
github.com/ACLzz/qshare/internal/protobuf/gen/securegcm/securegcm.pb.go:927.59,929.14 2 0
github.com/ACLzz/qshare/internal/protobuf/gen/securegcm/securegcm.pb.go:929.14,931.34 2 0
github.com/ACLzz/qshare/internal/protobuf/gen/securegcm/securegcm.pb.go:931.34,933.4 1 0
github.com/ACLzz/qshare/internal/protobuf/gen/securegcm/securegcm.pb.go:934.3,934.12 1 0
github.com/ACLzz/qshare/internal/protobuf/gen/securegcm/securegcm.pb.go:936.2,936.24 1 0
github.com/ACLzz/qshare/internal/protobuf/gen/securegcm/securegcm.pb.go:940.50,942.2 1 0
github.com/ACLzz/qshare/internal/protobuf/gen/securegcm/securegcm.pb.go:944.38,945.31 1 0
github.com/ACLzz/qshare/internal/protobuf/gen/securegcm/securegcm.pb.go:945.31,947.3 1 0
github.com/ACLzz/qshare/internal/protobuf/gen/securegcm/securegcm.pb.go:948.2,948.24 1 0
github.com/ACLzz/qshare/internal/protobuf/gen/securegcm/securegcm.pb.go:951.42,952.34 1 0
github.com/ACLzz/qshare/internal/protobuf/gen/securegcm/securegcm.pb.go:952.34,954.3 1 0
github.com/ACLzz/qshare/internal/protobuf/gen/securegcm/securegcm.pb.go:955.2,955.36 1 0
github.com/ACLzz/qshare/internal/protobuf/gen/securegcm/securegcm.pb.go:966.26,971.2 4 0
github.com/ACLzz/qshare/internal/protobuf/gen/securegcm/securegcm.pb.go:973.34,975.2 1 0
github.com/ACLzz/qshare/internal/protobuf/gen/securegcm/securegcm.pb.go:977.32,977.33 0 0
github.com/ACLzz/qshare/internal/protobuf/gen/securegcm/securegcm.pb.go:979.54,981.14 2 0
github.com/ACLzz/qshare/internal/protobuf/gen/securegcm/securegcm.pb.go:981.14,983.34 2 0
github.com/ACLzz/qshare/internal/protobuf/gen/securegcm/securegcm.pb.go:983.34,985.4 1 0
github.com/ACLzz/qshare/internal/protobuf/gen/securegcm/securegcm.pb.go:986.3,986.12 1 0
github.com/ACLzz/qshare/internal/protobuf/gen/securegcm/securegcm.pb.go:988.2,988.24 1 0
github.com/ACLzz/qshare/internal/protobuf/gen/securegcm/securegcm.pb.go:992.45,994.2 1 0
github.com/ACLzz/qshare/internal/protobuf/gen/securegcm/securegcm.pb.go:996.41,997.37 1 0
github.com/ACLzz/qshare/internal/protobuf/gen/securegcm/securegcm.pb.go:997.37,999.3 1 0
github.com/ACLzz/qshare/internal/protobuf/gen/securegcm/securegcm.pb.go:1000.2,1000.10 1 0
github.com/ACLzz/qshare/internal/protobuf/gen/securegcm/securegcm.pb.go:1019.41,1024.2 4 0
github.com/ACLzz/qshare/internal/protobuf/gen/securegcm/securegcm.pb.go:1026.49,1028.2 1 0
github.com/ACLzz/qshare/internal/protobuf/gen/securegcm/securegcm.pb.go:1030.47,1030.48 0 0
github.com/ACLzz/qshare/internal/protobuf/gen/securegcm/securegcm.pb.go:1032.69,1034.14 2 0
github.com/ACLzz/qshare/internal/protobuf/gen/securegcm/securegcm.pb.go:1034.14,1036.34 2 0
github.com/ACLzz/qshare/internal/protobuf/gen/securegcm/securegcm.pb.go:1036.34,1038.4 1 0
github.com/ACLzz/qshare/internal/protobuf/gen/securegcm/securegcm.pb.go:1039.3,1039.12 1 0
github.com/ACLzz/qshare/internal/protobuf/gen/securegcm/securegcm.pb.go:1041.2,1041.24 1 0
github.com/ACLzz/qshare/internal/protobuf/gen/securegcm/securegcm.pb.go:1045.60,1047.2 1 0
github.com/ACLzz/qshare/internal/protobuf/gen/securegcm/securegcm.pb.go:1049.58,1050.39 1 0
github.com/ACLzz/qshare/internal/protobuf/gen/securegcm/securegcm.pb.go:1050.39,1052.3 1 0
github.com/ACLzz/qshare/internal/protobuf/gen/securegcm/securegcm.pb.go:1053.2,1053.10 1 0
github.com/ACLzz/qshare/internal/protobuf/gen/securegcm/securegcm.pb.go:1056.51,1057.32 1 0
github.com/ACLzz/qshare/internal/protobuf/gen/securegcm/securegcm.pb.go:1057.32,1059.3 1 0
github.com/ACLzz/qshare/internal/protobuf/gen/securegcm/securegcm.pb.go:1060.2,1060.11 1 0
github.com/ACLzz/qshare/internal/protobuf/gen/securegcm/securegcm.pb.go:1063.50,1064.31 1 0
github.com/ACLzz/qshare/internal/protobuf/gen/securegcm/securegcm.pb.go:1064.31,1066.3 1 0
github.com/ACLzz/qshare/internal/protobuf/gen/securegcm/securegcm.pb.go:1067.2,1067.11 1 0
github.com/ACLzz/qshare/internal/protobuf/gen/securegcm/securegcm.pb.go:1070.52,1071.33 1 0
github.com/ACLzz/qshare/internal/protobuf/gen/securegcm/securegcm.pb.go:1071.33,1073.3 1 0
github.com/ACLzz/qshare/internal/protobuf/gen/securegcm/securegcm.pb.go:1074.2,1074.11 1 0
github.com/ACLzz/qshare/internal/protobuf/gen/securegcm/securegcm.pb.go:1077.55,1078.36 1 0
github.com/ACLzz/qshare/internal/protobuf/gen/securegcm/securegcm.pb.go:1078.36,1080.3 1 0
github.com/ACLzz/qshare/internal/protobuf/gen/securegcm/securegcm.pb.go:1081.2,1081.11 1 0
github.com/ACLzz/qshare/internal/protobuf/gen/securegcm/securegcm.pb.go:1212.48,1213.45 1 0
github.com/ACLzz/qshare/internal/protobuf/gen/securegcm/securegcm.pb.go:1213.45,1215.3 1 0
github.com/ACLzz/qshare/internal/protobuf/gen/securegcm/securegcm.pb.go:1216.2,1216.41 1 0
github.com/ACLzz/qshare/internal/protobuf/gen/securegcm/securegcm.pb.go:1244.13,1244.44 1 0
github.com/ACLzz/qshare/internal/protobuf/gen/securegcm/securegcm.pb.go:1245.34,1246.33 1 0
github.com/ACLzz/qshare/internal/protobuf/gen/securegcm/securegcm.pb.go:1246.33,1248.3 1 0
github.com/ACLzz/qshare/internal/protobuf/gen/securegcm/securegcm.pb.go:1249.2,1266.36 5 0
github.com/ACLzz/qshare/internal/protobuf/gen/securegcm/ukey.pb.go:61.60,65.2 3 0
github.com/ACLzz/qshare/internal/protobuf/gen/securegcm/ukey.pb.go:67.47,69.2 1 0
github.com/ACLzz/qshare/internal/protobuf/gen/securegcm/ukey.pb.go:71.70,73.2 1 0
github.com/ACLzz/qshare/internal/protobuf/gen/securegcm/ukey.pb.go:75.58,77.2 1 0
github.com/ACLzz/qshare/internal/protobuf/gen/securegcm/ukey.pb.go:79.64,81.2 1 0
github.com/ACLzz/qshare/internal/protobuf/gen/securegcm/ukey.pb.go:84.62,86.16 2 0
github.com/ACLzz/qshare/internal/protobuf/gen/securegcm/ukey.pb.go:86.16,88.3 1 0
github.com/ACLzz/qshare/internal/protobuf/gen/securegcm/ukey.pb.go:89.2,90.12 2 0
github.com/ACLzz/qshare/internal/protobuf/gen/securegcm/ukey.pb.go:94.62,96.2 1 0
github.com/ACLzz/qshare/internal/protobuf/gen/securegcm/ukey.pb.go:126.54,130.2 3 0
github.com/ACLzz/qshare/internal/protobuf/gen/securegcm/ukey.pb.go:132.44,134.2 1 0
github.com/ACLzz/qshare/internal/protobuf/gen/securegcm/ukey.pb.go:136.67,138.2 1 0
github.com/ACLzz/qshare/internal/protobuf/gen/securegcm/ukey.pb.go:140.55,142.2 1 0
github.com/ACLzz/qshare/internal/protobuf/gen/securegcm/ukey.pb.go:144.61,146.2 1 0
github.com/ACLzz/qshare/internal/protobuf/gen/securegcm/ukey.pb.go:149.59,151.16 2 0
github.com/ACLzz/qshare/internal/protobuf/gen/securegcm/ukey.pb.go:151.16,153.3 1 0
github.com/ACLzz/qshare/internal/protobuf/gen/securegcm/ukey.pb.go:154.2,155.12 2 0
github.com/ACLzz/qshare/internal/protobuf/gen/securegcm/ukey.pb.go:159.59,161.2 1 0
github.com/ACLzz/qshare/internal/protobuf/gen/securegcm/ukey.pb.go:213.60,217.2 3 0
github.com/ACLzz/qshare/internal/protobuf/gen/securegcm/ukey.pb.go:219.47,221.2 1 0
github.com/ACLzz/qshare/internal/protobuf/gen/securegcm/ukey.pb.go:223.70,225.2 1 0
github.com/ACLzz/qshare/internal/protobuf/gen/securegcm/ukey.pb.go:227.58,229.2 1 0
github.com/ACLzz/qshare/internal/protobuf/gen/securegcm/ukey.pb.go:231.64,233.2 1 0
github.com/ACLzz/qshare/internal/protobuf/gen/securegcm/ukey.pb.go:236.62,238.16 2 0
github.com/ACLzz/qshare/internal/protobuf/gen/securegcm/ukey.pb.go:238.16,240.3 1 0
github.com/ACLzz/qshare/internal/protobuf/gen/securegcm/ukey.pb.go:241.2,242.12 2 0
github.com/ACLzz/qshare/internal/protobuf/gen/securegcm/ukey.pb.go:246.62,248.2 1 0
github.com/ACLzz/qshare/internal/protobuf/gen/securegcm/ukey.pb.go:258.32,263.2 4 0
github.com/ACLzz/qshare/internal/protobuf/gen/securegcm/ukey.pb.go:265.40,267.2 1 0
github.com/ACLzz/qshare/internal/protobuf/gen/securegcm/ukey.pb.go:269.38,269.39 0 0
github.com/ACLzz/qshare/internal/protobuf/gen/securegcm/ukey.pb.go:271.60,273.14 2 0
github.com/ACLzz/qshare/internal/protobuf/gen/securegcm/ukey.pb.go:273.14,275.34 2 0
github.com/ACLzz/qshare/internal/protobuf/gen/securegcm/ukey.pb.go:275.34,277.4 1 0
github.com/ACLzz/qshare/internal/protobuf/gen/securegcm/ukey.pb.go:278.3,278.12 1 0
github.com/ACLzz/qshare/internal/protobuf/gen/securegcm/ukey.pb.go:280.2,280.24 1 0
github.com/ACLzz/qshare/internal/protobuf/gen/securegcm/ukey.pb.go:284.51,286.2 1 0
github.com/ACLzz/qshare/internal/protobuf/gen/securegcm/ukey.pb.go:288.59,289.38 1 0
github.com/ACLzz/qshare/internal/protobuf/gen/securegcm/ukey.pb.go:289.38,291.3 1 0
github.com/ACLzz/qshare/internal/protobuf/gen/securegcm/ukey.pb.go:292.2,292.40 1 0
github.com/ACLzz/qshare/internal/protobuf/gen/securegcm/ukey.pb.go:295.48,296.14 1 0
github.com/ACLzz/qshare/internal/protobuf/gen/securegcm/ukey.pb.go:296.14,298.3 1 0
github.com/ACLzz/qshare/internal/protobuf/gen/securegcm/ukey.pb.go:299.2,299.12 1 0
github.com/ACLzz/qshare/internal/protobuf/gen/securegcm/ukey.pb.go:310.30,315.2 4 0
github.com/ACLzz/qshare/internal/protobuf/gen/securegcm/ukey.pb.go:317.38,319.2 1 0
github.com/ACLzz/qshare/internal/protobuf/gen/securegcm/ukey.pb.go:321.36,321.37 0 0
github.com/ACLzz/qshare/internal/protobuf/gen/securegcm/ukey.pb.go:323.58,325.14 2 0
github.com/ACLzz/qshare/internal/protobuf/gen/securegcm/ukey.pb.go:325.14,327.34 2 0
github.com/ACLzz/qshare/internal/protobuf/gen/securegcm/ukey.pb.go:327.34,329.4 1 0
github.com/ACLzz/qshare/internal/protobuf/gen/securegcm/ukey.pb.go:330.3,330.12 1 0
github.com/ACLzz/qshare/internal/protobuf/gen/securegcm/ukey.pb.go:332.2,332.24 1 0
github.com/ACLzz/qshare/internal/protobuf/gen/securegcm/ukey.pb.go:336.49,338.2 1 0
github.com/ACLzz/qshare/internal/protobuf/gen/securegcm/ukey.pb.go:340.53,341.31 1 0
github.com/ACLzz/qshare/internal/protobuf/gen/securegcm/ukey.pb.go:341.31,343.3 1 0
github.com/ACLzz/qshare/internal/protobuf/gen/securegcm/ukey.pb.go:344.2,344.31 1 0
github.com/ACLzz/qshare/internal/protobuf/gen/securegcm/ukey.pb.go:347.47,348.39 1 0
github.com/ACLzz/qshare/internal/protobuf/gen/securegcm/ukey.pb.go:348.39,350.3 1 0
github.com/ACLzz/qshare/internal/protobuf/gen/securegcm/ukey.pb.go:351.2,351.11 1 0
github.com/ACLzz/qshare/internal/protobuf/gen/securegcm/ukey.pb.go:366.35,371.2 4 0
github.com/ACLzz/qshare/internal/protobuf/gen/securegcm/ukey.pb.go:373.43,375.2 1 0
github.com/ACLzz/qshare/internal/protobuf/gen/securegcm/ukey.pb.go:377.41,377.42 0 0
github.com/ACLzz/qshare/internal/protobuf/gen/securegcm/ukey.pb.go:379.63,381.14 2 0
github.com/ACLzz/qshare/internal/protobuf/gen/securegcm/ukey.pb.go:381.14,383.34 2 0
github.com/ACLzz/qshare/internal/protobuf/gen/securegcm/ukey.pb.go:383.34,385.4 1 0
github.com/ACLzz/qshare/internal/protobuf/gen/securegcm/ukey.pb.go:386.3,386.12 1 0
github.com/ACLzz/qshare/internal/protobuf/gen/securegcm/ukey.pb.go:388.2,388.24 1 0
github.com/ACLzz/qshare/internal/protobuf/gen/securegcm/ukey.pb.go:392.54,394.2 1 0
github.com/ACLzz/qshare/internal/protobuf/gen/securegcm/ukey.pb.go:396.46,397.34 1 0
github.com/ACLzz/qshare/internal/protobuf/gen/securegcm/ukey.pb.go:397.34,399.3 1 0
github.com/ACLzz/qshare/internal/protobuf/gen/securegcm/ukey.pb.go:400.2,400.10 1 0
github.com/ACLzz/qshare/internal/protobuf/gen/securegcm/ukey.pb.go:403.46,404.14 1 0
github.com/ACLzz/qshare/internal/protobuf/gen/securegcm/ukey.pb.go:404.14,406.3 1 0
github.com/ACLzz/qshare/internal/protobuf/gen/securegcm/ukey.pb.go:407.2,407.12 1 0
github.com/ACLzz/qshare/internal/protobuf/gen/securegcm/ukey.pb.go:410.86,411.14 1 0
github.com/ACLzz/qshare/internal/protobuf/gen/securegcm/ukey.pb.go:411.14,413.3 1 0
github.com/ACLzz/qshare/internal/protobuf/gen/securegcm/ukey.pb.go:414.2,414.12 1 0
github.com/ACLzz/qshare/internal/protobuf/gen/securegcm/ukey.pb.go:417.52,418.39 1 0
github.com/ACLzz/qshare/internal/protobuf/gen/securegcm/ukey.pb.go:418.39,420.3 1 0
github.com/ACLzz/qshare/internal/protobuf/gen/securegcm/ukey.pb.go:421.2,421.11 1 0
github.com/ACLzz/qshare/internal/protobuf/gen/securegcm/ukey.pb.go:436.35,441.2 4 0
github.com/ACLzz/qshare/internal/protobuf/gen/securegcm/ukey.pb.go:443.43,445.2 1 0
github.com/ACLzz/qshare/internal/protobuf/gen/securegcm/ukey.pb.go:447.41,447.42 0 0
github.com/ACLzz/qshare/internal/protobuf/gen/securegcm/ukey.pb.go:449.63,451.14 2 0
github.com/ACLzz/qshare/internal/protobuf/gen/securegcm/ukey.pb.go:451.14,453.34 2 0
github.com/ACLzz/qshare/internal/protobuf/gen/securegcm/ukey.pb.go:453.34,455.4 1 0
github.com/ACLzz/qshare/internal/protobuf/gen/securegcm/ukey.pb.go:456.3,456.12 1 0
github.com/ACLzz/qshare/internal/protobuf/gen/securegcm/ukey.pb.go:458.2,458.24 1 0
github.com/ACLzz/qshare/internal/protobuf/gen/securegcm/ukey.pb.go:462.54,464.2 1 0
github.com/ACLzz/qshare/internal/protobuf/gen/securegcm/ukey.pb.go:466.46,467.34 1 0
github.com/ACLzz/qshare/internal/protobuf/gen/securegcm/ukey.pb.go:467.34,469.3 1 0
[...]
github.com/ACLzz/qshare/internal/tests/helper/log.go:18.49,20.2 0 0
github.com/ACLzz/qshare/internal/tests/helper/rand.go:5.23,7.2 1 1
github.com/ACLzz/qshare/qclient/builder.go:22.34,24.2 1 0
github.com/ACLzz/qshare/qclient/builder.go:26.81,30.2 3 0
github.com/ACLzz/qshare/qclient/builder.go:32.73,36.2 3 0
github.com/ACLzz/qshare/qclient/builder.go:38.66,42.2 3 0
github.com/ACLzz/qshare/qclient/builder.go:44.69,45.51 1 0
github.com/ACLzz/qshare/qclient/builder.go:45.51,47.3 1 0
github.com/ACLzz/qshare/qclient/builder.go:49.2,54.8 1 0
github.com/ACLzz/qshare/qclient/builder.go:59.56,67.23 3 0
github.com/ACLzz/qshare/qclient/builder.go:67.23,69.17 2 0
github.com/ACLzz/qshare/qclient/builder.go:69.17,71.4 1 0
github.com/ACLzz/qshare/qclient/builder.go:73.2,73.12 1 0
github.com/ACLzz/qshare/qclient/builder.go:76.48,77.23 1 0
github.com/ACLzz/qshare/qclient/builder.go:77.23,78.26 1 0
github.com/ACLzz/qshare/qclient/builder.go:78.26,80.4 1 0
github.com/ACLzz/qshare/qclient/builder.go:81.3,81.13 1 0
github.com/ACLzz/qshare/qclient/builder.go:84.2,85.12 2 0
github.com/ACLzz/qshare/qclient/builder.go:88.44,89.19 1 0
github.com/ACLzz/qshare/qclient/builder.go:89.19,91.3 1 0
github.com/ACLzz/qshare/qclient/builder.go:93.2,94.12 2 0
github.com/ACLzz/qshare/qclient/builder.go:97.44,98.19 1 0
github.com/ACLzz/qshare/qclient/builder.go:98.19,99.20 1 0
github.com/ACLzz/qshare/qclient/builder.go:99.20,101.4 1 0
github.com/ACLzz/qshare/qclient/builder.go:102.3,102.13 1 0
github.com/ACLzz/qshare/qclient/builder.go:105.2,106.12 2 0
github.com/ACLzz/qshare/qclient/client.go:26.80,28.16 2 0
github.com/ACLzz/qshare/qclient/client.go:28.16,30.3 1 0
github.com/ACLzz/qshare/qclient/client.go:32.2,33.81 2 0
github.com/ACLzz/qshare/qclient/client.go:33.81,35.3 1 0
github.com/ACLzz/qshare/qclient/client.go:37.2,40.22 3 0
github.com/ACLzz/qshare/qclient/client.go:47.3,52.6 4 0
github.com/ACLzz/qshare/qclient/client.go:52.6,53.10 1 0
github.com/ACLzz/qshare/qclient/client.go:54.28,56.18 2 0
github.com/ACLzz/qshare/qclient/client.go:56.18,58.5 1 0
github.com/ACLzz/qshare/qclient/client.go:59.4,64.12 2 0
github.com/ACLzz/qshare/qclient/client.go:65.21,66.10 1 0
github.com/ACLzz/qshare/qclient/client.go:71.92,73.16 2 0
github.com/ACLzz/qshare/qclient/client.go:73.16,75.3 1 0
github.com/ACLzz/qshare/qclient/client.go:77.2,77.46 1 0
github.com/ACLzz/qshare/qclient/client.go:77.46,79.3 1 0
github.com/ACLzz/qshare/qclient/client.go:81.2,81.47 1 0
github.com/ACLzz/qshare/qclient/client.go:81.47,83.3 1 0
github.com/ACLzz/qshare/qclient/client.go:85.2,85.12 1 0
github.com/ACLzz/qshare/qclient/client.go:92.9,94.16 2 0
github.com/ACLzz/qshare/qclient/client.go:94.16,96.3 1 0
github.com/ACLzz/qshare/qclient/client.go:98.2,98.46 1 0
github.com/ACLzz/qshare/qclient/client.go:98.46,100.3 1 0
github.com/ACLzz/qshare/qclient/client.go:102.2,102.49 1 0
github.com/ACLzz/qshare/qclient/client.go:102.49,104.3 1 0
github.com/ACLzz/qshare/qclient/client.go:106.2,106.12 1 0
github.com/ACLzz/qshare/qclient/client.go:109.26,112.2 1 0
github.com/ACLzz/qshare/qclient/client.go:114.76,115.39 1 0
github.com/ACLzz/qshare/qclient/client.go:115.39,117.3 1 0
github.com/ACLzz/qshare/qclient/client.go:119.2,121.16 3 0
github.com/ACLzz/qshare/qclient/client.go:121.16,123.3 1 0
github.com/ACLzz/qshare/qclient/client.go:125.2,126.16 2 0
github.com/ACLzz/qshare/qclient/client.go:126.16,128.3 1 0
github.com/ACLzz/qshare/qclient/client.go:130.2,133.23 1 0
github.com/ACLzz/qshare/qclient/conn/conn.go:39.14,48.2 1 0
github.com/ACLzz/qshare/qclient/conn/conn.go:50.71,53.34 2 0
github.com/ACLzz/qshare/qclient/conn/conn.go:53.34,56.3 2 0
github.com/ACLzz/qshare/qclient/conn/conn.go:56.8,58.3 1 0
github.com/ACLzz/qshare/qclient/conn/conn.go:59.2,69.18 2 0
github.com/ACLzz/qshare/qclient/conn/conn.go:69.18,71.3 1 0
github.com/ACLzz/qshare/qclient/conn/conn.go:74.2,74.56 1 0
github.com/ACLzz/qshare/qclient/conn/conn.go:74.56,76.3 1 0
github.com/ACLzz/qshare/qclient/conn/conn.go:79.2,82.16 4 0
github.com/ACLzz/qshare/qclient/conn/conn.go:82.16,84.3 1 0
github.com/ACLzz/qshare/qclient/conn/conn.go:86.2,87.16 2 0
github.com/ACLzz/qshare/qclient/conn/conn.go:87.16,89.3 1 0
github.com/ACLzz/qshare/qclient/conn/conn.go:90.2,90.17 1 0
github.com/ACLzz/qshare/qclient/conn/conn.go:90.17,93.3 2 0
github.com/ACLzz/qshare/qclient/conn/conn.go:94.2,97.85 2 0
github.com/ACLzz/qshare/qclient/conn/conn.go:97.85,99.3 1 0
github.com/ACLzz/qshare/qclient/conn/conn.go:102.2,102.80 1 0
github.com/ACLzz/qshare/qclient/conn/conn.go:102.80,104.3 1 0
github.com/ACLzz/qshare/qclient/conn/conn.go:107.2,109.12 3 0
github.com/ACLzz/qshare/qclient/conn/conn.go:112.87,113.21 1 0
github.com/ACLzz/qshare/qclient/conn/conn.go:113.21,115.3 1 0
github.com/ACLzz/qshare/qclient/conn/conn.go:118.2,119.23 2 0
github.com/ACLzz/qshare/qclient/conn/conn.go:119.23,121.3 1 0
github.com/ACLzz/qshare/qclient/conn/conn.go:123.2,126.18 1 0
github.com/ACLzz/qshare/qclient/conn/conn.go:126.18,128.3 1 0
github.com/ACLzz/qshare/qclient/conn/conn.go:131.2,131.56 1 0
github.com/ACLzz/qshare/qclient/conn/conn.go:131.56,133.3 1 0
github.com/ACLzz/qshare/qclient/conn/conn.go:136.2,139.16 4 0
github.com/ACLzz/qshare/qclient/conn/conn.go:139.16,141.3 1 0
github.com/ACLzz/qshare/qclient/conn/conn.go:143.2,144.16 2 0
github.com/ACLzz/qshare/qclient/conn/conn.go:144.16,146.3 1 0
github.com/ACLzz/qshare/qclient/conn/conn.go:147.2,147.17 1 0
github.com/ACLzz/qshare/qclient/conn/conn.go:147.17,150.3 2 0
github.com/ACLzz/qshare/qclient/conn/conn.go:151.2,154.85 2 0
github.com/ACLzz/qshare/qclient/conn/conn.go:154.85,156.3 1 0
github.com/ACLzz/qshare/qclient/conn/conn.go:159.2,159.31 1 0
github.com/ACLzz/qshare/qclient/conn/conn.go:159.31,160.75 1 0
github.com/ACLzz/qshare/qclient/conn/conn.go:160.75,162.4 1 0
github.com/ACLzz/qshare/qclient/conn/conn.go:166.2,168.12 3 0
github.com/ACLzz/qshare/qclient/conn/conn.go:171.63,180.16 3 0
github.com/ACLzz/qshare/qclient/conn/conn.go:180.16,182.3 1 0
github.com/ACLzz/qshare/qclient/conn/conn.go:184.2,184.68 1 0
github.com/ACLzz/qshare/qclient/conn/conn.go:184.68,186.3 1 0
github.com/ACLzz/qshare/qclient/conn/conn.go:188.2,189.16 2 0
github.com/ACLzz/qshare/qclient/conn/conn.go:189.16,191.3 1 0
github.com/ACLzz/qshare/qclient/conn/conn.go:193.2,193.57 1 0
github.com/ACLzz/qshare/qclient/conn/conn.go:193.57,195.3 1 0
github.com/ACLzz/qshare/qclient/conn/conn.go:197.2,197.56 1 0
github.com/ACLzz/qshare/qclient/conn/conn.go:197.56,199.3 1 0
github.com/ACLzz/qshare/qclient/conn/conn.go:201.2,202.16 2 0
github.com/ACLzz/qshare/qclient/conn/conn.go:202.16,204.3 1 0
github.com/ACLzz/qshare/qclient/conn/conn.go:206.2,207.16 2 0
github.com/ACLzz/qshare/qclient/conn/conn.go:207.16,209.3 1 0
github.com/ACLzz/qshare/qclient/conn/conn.go:211.2,211.34 1 0
github.com/ACLzz/qshare/qclient/conn/conn.go:211.34,214.3 2 0
github.com/ACLzz/qshare/qclient/conn/conn.go:215.2,215.52 1 0
github.com/ACLzz/qshare/qclient/conn/conn.go:215.52,217.3 1 0
github.com/ACLzz/qshare/qclient/conn/conn.go:220.2,220.59 1 0
github.com/ACLzz/qshare/qclient/conn/conn.go:220.59,222.3 1 0
github.com/ACLzz/qshare/qclient/conn/conn.go:223.2,224.16 2 0
github.com/ACLzz/qshare/qclient/conn/conn.go:224.16,226.3 1 0
github.com/ACLzz/qshare/qclient/conn/conn.go:227.2,227.67 1 0
github.com/ACLzz/qshare/qclient/conn/conn.go:227.67,229.3 1 0
github.com/ACLzz/qshare/qclient/conn/conn.go:231.2,231.55 1 0
github.com/ACLzz/qshare/qclient/conn/conn.go:231.55,233.3 1 0
github.com/ACLzz/qshare/qclient/conn/conn.go:234.2,235.16 2 0
github.com/ACLzz/qshare/qclient/conn/conn.go:235.16,237.3 1 0
github.com/ACLzz/qshare/qclient/conn/conn.go:238.2,238.63 1 0
github.com/ACLzz/qshare/qclient/conn/conn.go:238.63,240.3 1 0
github.com/ACLzz/qshare/qclient/conn/conn.go:242.2,243.12 2 0
github.com/ACLzz/qshare/qclient/conn/conn.go:246.72,248.16 2 0
github.com/ACLzz/qshare/qclient/conn/conn.go:248.16,249.74 1 0
github.com/ACLzz/qshare/qclient/conn/conn.go:249.74,251.4 1 0
github.com/ACLzz/qshare/qclient/conn/conn.go:251.9,251.55 1 0
github.com/ACLzz/qshare/qclient/conn/conn.go:251.55,253.4 1 0
github.com/ACLzz/qshare/qclient/conn/conn.go:255.3,256.18 2 0
github.com/ACLzz/qshare/qclient/conn/conn.go:259.2,259.17 1 0
github.com/ACLzz/qshare/qserver/builder.go:39.34,41.2 1 1
github.com/ACLzz/qshare/qserver/builder.go:44.70,48.2 3 1
github.com/ACLzz/qshare/qserver/builder.go:51.59,55.2 3 1
github.com/ACLzz/qshare/qserver/builder.go:59.70,63.2 3 1
github.com/ACLzz/qshare/qserver/builder.go:67.80,71.2 3 1
github.com/ACLzz/qshare/qserver/builder.go:74.81,78.2 3 1
github.com/ACLzz/qshare/qserver/builder.go:81.73,85.2 3 1
github.com/ACLzz/qshare/qserver/builder.go:88.68,92.2 3 1
github.com/ACLzz/qshare/qserver/builder.go:98.20,99.51 1 1
github.com/ACLzz/qshare/qserver/builder.go:99.51,101.3 1 1
github.com/ACLzz/qshare/qserver/builder.go:103.2,107.20 2 1
github.com/ACLzz/qshare/qserver/builder.go:107.20,109.17 2 1
github.com/ACLzz/qshare/qserver/builder.go:109.17,111.4 1 0
github.com/ACLzz/qshare/qserver/builder.go:114.2,115.16 2 1
github.com/ACLzz/qshare/qserver/builder.go:115.16,117.3 1 0
github.com/ACLzz/qshare/qserver/builder.go:119.2,133.8 1 1
github.com/ACLzz/qshare/qserver/builder.go:138.56,150.23 3 1
github.com/ACLzz/qshare/qserver/builder.go:150.23,152.17 2 1
github.com/ACLzz/qshare/qserver/builder.go:152.17,154.4 1 1
github.com/ACLzz/qshare/qserver/builder.go:156.2,156.12 1 1
github.com/ACLzz/qshare/qserver/builder.go:159.46,160.21 1 1
github.com/ACLzz/qshare/qserver/builder.go:160.21,162.3 1 1
github.com/ACLzz/qshare/qserver/builder.go:164.2,166.16 3 1
github.com/ACLzz/qshare/qserver/builder.go:166.16,168.3 1 0
github.com/ACLzz/qshare/qserver/builder.go:170.2,170.12 1 1
github.com/ACLzz/qshare/qserver/builder.go:173.42,174.17 1 1
github.com/ACLzz/qshare/qserver/builder.go:174.17,175.21 1 1
github.com/ACLzz/qshare/qserver/builder.go:175.21,177.4 1 1
github.com/ACLzz/qshare/qserver/builder.go:179.3,179.13 1 1
github.com/ACLzz/qshare/qserver/builder.go:182.2,183.16 2 1
github.com/ACLzz/qshare/qserver/builder.go:183.16,185.3 1 0
github.com/ACLzz/qshare/qserver/builder.go:186.2,186.15 1 1
github.com/ACLzz/qshare/qserver/builder.go:186.15,187.35 1 1
github.com/ACLzz/qshare/qserver/builder.go:187.35,189.4 1 0
github.com/ACLzz/qshare/qserver/builder.go:192.2,193.12 2 1
github.com/ACLzz/qshare/qserver/builder.go:196.45,197.29 1 1
github.com/ACLzz/qshare/qserver/builder.go:197.29,198.23 1 1
github.com/ACLzz/qshare/qserver/builder.go:198.23,200.4 1 1
github.com/ACLzz/qshare/qserver/builder.go:201.8,203.3 1 1
github.com/ACLzz/qshare/qserver/builder.go:204.2,204.20 1 1
github.com/ACLzz/qshare/qserver/builder.go:204.20,205.44 1 1
github.com/ACLzz/qshare/qserver/builder.go:205.44,207.4 1 1
github.com/ACLzz/qshare/qserver/builder.go:209.2,209.12 1 1
github.com/ACLzz/qshare/qserver/builder.go:212.46,213.21 1 1
github.com/ACLzz/qshare/qserver/builder.go:213.21,214.27 1 1
github.com/ACLzz/qshare/qserver/builder.go:214.27,216.4 1 1
github.com/ACLzz/qshare/qserver/builder.go:217.3,217.13 1 1
github.com/ACLzz/qshare/qserver/builder.go:220.2,221.12 2 1
github.com/ACLzz/qshare/qserver/builder.go:224.48,225.23 1 1
github.com/ACLzz/qshare/qserver/builder.go:225.23,226.26 1 1
github.com/ACLzz/qshare/qserver/builder.go:226.26,228.4 1 1
github.com/ACLzz/qshare/qserver/builder.go:229.3,229.13 1 1
github.com/ACLzz/qshare/qserver/builder.go:232.2,233.12 2 1
github.com/ACLzz/qshare/qserver/builder.go:236.44,237.19 1 1
github.com/ACLzz/qshare/qserver/builder.go:237.19,238.22 1 1
github.com/ACLzz/qshare/qserver/builder.go:238.22,240.4 1 1
github.com/ACLzz/qshare/qserver/builder.go:241.3,241.13 1 1
github.com/ACLzz/qshare/qserver/builder.go:244.2,245.12 2 1
github.com/ACLzz/qshare/qserver/builder.go:248.44,249.19 1 1
github.com/ACLzz/qshare/qserver/builder.go:249.19,251.3 1 1
github.com/ACLzz/qshare/qserver/builder.go:253.2,254.12 2 0
github.com/ACLzz/qshare/qserver/builder.go:257.38,265.2 5 1
github.com/ACLzz/qshare/qserver/server.go:29.33,30.35 1 1
github.com/ACLzz/qshare/qserver/server.go:30.35,31.42 1 0
github.com/ACLzz/qshare/qserver/server.go:31.42,33.4 1 0
github.com/ACLzz/qshare/qserver/server.go:35.3,35.13 1 0
github.com/ACLzz/qshare/qserver/server.go:38.2,38.12 1 1
github.com/ACLzz/qshare/qserver/server.go:41.33,51.16 3 1
github.com/ACLzz/qshare/qserver/server.go:51.16,53.3 1 0
github.com/ACLzz/qshare/qserver/server.go:55.2,58.20 2 1
github.com/ACLzz/qshare/qserver/server.go:58.20,59.41 1 1
github.com/ACLzz/qshare/qserver/server.go:59.41,61.4 1 0
github.com/ACLzz/qshare/qserver/server.go:64.2,64.12 1 1
github.com/ACLzz/qshare/qserver/server.go:67.31,69.25 2 1
github.com/ACLzz/qshare/qserver/server.go:69.25,71.3 1 1
github.com/ACLzz/qshare/qserver/server.go:73.2,73.41 1 1
github.com/ACLzz/qshare/qserver/server.go:73.41,75.3 1 0
github.com/ACLzz/qshare/qserver/server.go:78.2,78.20 1 1
github.com/ACLzz/qshare/qserver/server.go:78.20,80.67 1 1
github.com/ACLzz/qshare/qserver/server.go:80.67,82.4 1 0
github.com/ACLzz/qshare/qserver/server.go:85.2,85.13 1 1
github.com/ACLzz/qshare/qserver/listener/conn.go:45.15,60.2 4 0
github.com/ACLzz/qshare/qserver/listener/conn.go:62.49,69.6 5 0
github.com/ACLzz/qshare/qserver/listener/conn.go:69.6,72.17 2 0
github.com/ACLzz/qshare/qserver/listener/conn.go:72.17,73.75 1 0
github.com/ACLzz/qshare/qserver/listener/conn.go:73.75,76.5 2 0
github.com/ACLzz/qshare/qserver/listener/conn.go:76.10,76.56 1 0
github.com/ACLzz/qshare/qserver/listener/conn.go:76.56,78.5 1 0
github.com/ACLzz/qshare/qserver/listener/conn.go:78.10,78.62 1 0
github.com/ACLzz/qshare/qserver/listener/conn.go:78.62,80.5 1 0
github.com/ACLzz/qshare/qserver/listener/conn.go:82.4,83.12 2 0
github.com/ACLzz/qshare/qserver/listener/conn.go:87.3,87.15 1 0
github.com/ACLzz/qshare/qserver/listener/init_conn.go:9.59,12.16 2 0
github.com/ACLzz/qshare/qserver/listener/init_conn.go:12.16,14.3 1 0
github.com/ACLzz/qshare/qserver/listener/init_conn.go:16.2,16.12 1 0
github.com/ACLzz/qshare/qserver/listener/init_conn.go:19.63,20.58 1 0
github.com/ACLzz/qshare/qserver/listener/init_conn.go:20.58,22.3 1 0
github.com/ACLzz/qshare/qserver/listener/init_conn.go:23.2,23.51 1 0
github.com/ACLzz/qshare/qserver/listener/init_conn.go:23.51,25.3 1 0
github.com/ACLzz/qshare/qserver/listener/init_conn.go:26.2,26.12 1 0
github.com/ACLzz/qshare/qserver/listener/init_conn.go:29.60,31.16 2 0
github.com/ACLzz/qshare/qserver/listener/init_conn.go:31.16,33.3 1 0
github.com/ACLzz/qshare/qserver/listener/init_conn.go:36.2,36.26 1 0
github.com/ACLzz/qshare/qserver/listener/init_conn.go:36.26,38.3 1 0
github.com/ACLzz/qshare/qserver/listener/init_conn.go:41.2,41.56 1 0
github.com/ACLzz/qshare/qserver/listener/init_conn.go:41.56,43.3 1 0
github.com/ACLzz/qshare/qserver/listener/init_conn.go:46.2,46.52 1 0
github.com/ACLzz/qshare/qserver/listener/init_conn.go:46.52,48.3 1 0
github.com/ACLzz/qshare/qserver/listener/init_conn.go:49.2,50.12 2 0
github.com/ACLzz/qshare/qserver/listener/listener.go:29.21,31.16 2 1
github.com/ACLzz/qshare/qserver/listener/listener.go:31.16,33.3 1 0
github.com/ACLzz/qshare/qserver/listener/listener.go:35.2,43.8 1 1
github.com/ACLzz/qshare/qserver/listener/listener.go:46.28,57.6 7 1
github.com/ACLzz/qshare/qserver/listener/listener.go:57.6,59.17 2 1
github.com/ACLzz/qshare/qserver/listener/listener.go:59.17,60.11 1 1
github.com/ACLzz/qshare/qserver/listener/listener.go:61.20,62.11 1 1
github.com/ACLzz/qshare/qserver/listener/listener.go:63.12,64.36 1 0
github.com/ACLzz/qshare/qserver/listener/listener.go:66.4,66.12 1 0
github.com/ACLzz/qshare/qserver/listener/listener.go:69.3,71.20 3 0
github.com/ACLzz/qshare/qserver/listener/listener.go:75.32,77.19 2 1
github.com/ACLzz/qshare/qserver/listener/listener.go:77.19,79.3 1 0
github.com/ACLzz/qshare/qserver/listener/listener.go:81.2,82.39 2 1
github.com/ACLzz/qshare/qserver/listener/listener.go:82.39,84.3 1 0
github.com/ACLzz/qshare/qserver/listener/listener.go:85.2,88.12 3 1
github.com/ACLzz/qshare/qserver/listener/pairing.go:3.67,4.67 1 0
github.com/ACLzz/qshare/qserver/listener/pairing.go:4.67,6.3 1 0
github.com/ACLzz/qshare/qserver/listener/pairing.go:8.2,8.44 1 0
github.com/ACLzz/qshare/qserver/listener/pairing.go:11.63,12.63 1 0
github.com/ACLzz/qshare/qserver/listener/pairing.go:12.63,14.3 1 0
github.com/ACLzz/qshare/qserver/listener/pairing.go:16.2,16.56 1 0
github.com/ACLzz/qshare/qserver/listener/pairing.go:16.56,18.3 1 0
github.com/ACLzz/qshare/qserver/listener/pairing.go:20.2,21.12 2 0
github.com/ACLzz/qshare/qserver/listener/route.go:9.40,12.17 3 0
github.com/ACLzz/qshare/qserver/listener/route.go:13.18,14.32 1 0
github.com/ACLzz/qshare/qserver/listener/route.go:16.21,18.29 2 0
github.com/ACLzz/qshare/qserver/listener/route.go:20.20,22.31 2 0
github.com/ACLzz/qshare/qserver/listener/route.go:24.22,26.31 2 0
github.com/ACLzz/qshare/qserver/listener/route.go:28.22,30.39 2 0
github.com/ACLzz/qshare/qserver/listener/route.go:32.21,33.32 1 0
github.com/ACLzz/qshare/qserver/listener/route.go:35.30,37.35 2 0
github.com/ACLzz/qshare/qserver/listener/route.go:39.26,41.30 2 0
github.com/ACLzz/qshare/qserver/listener/route.go:43.22,44.32 1 0
github.com/ACLzz/qshare/qserver/listener/route.go:46.21,48.31 2 0
github.com/ACLzz/qshare/qserver/listener/route.go:50.22,52.32 2 0
github.com/ACLzz/qshare/qserver/listener/route.go:54.23,55.37 1 0
github.com/ACLzz/qshare/qserver/listener/route.go:59.2,59.16 1 0
github.com/ACLzz/qshare/qserver/listener/route.go:59.16,62.22 2 0
github.com/ACLzz/qshare/qserver/listener/route.go:62.22,64.4 1 0
github.com/ACLzz/qshare/qserver/listener/route.go:67.3,67.59 1 0
github.com/ACLzz/qshare/qserver/listener/route.go:67.59,71.4 3 0
github.com/ACLzz/qshare/qserver/listener/route.go:74.3,74.48 1 0
github.com/ACLzz/qshare/qserver/listener/route.go:74.48,75.46 1 0
github.com/ACLzz/qshare/qserver/listener/route.go:75.46,77.5 1 0
github.com/ACLzz/qshare/qserver/listener/route.go:78.4,79.10 2 0
github.com/ACLzz/qshare/qserver/listener/route.go:82.3,83.9 2 0
github.com/ACLzz/qshare/qserver/listener/route.go:86.2,86.37 1 0
github.com/ACLzz/qshare/qserver/listener/transfer.go:11.60,13.16 2 0
github.com/ACLzz/qshare/qserver/listener/transfer.go:13.16,15.3 1 0
github.com/ACLzz/qshare/qserver/listener/transfer.go:17.2,17.21 1 0
github.com/ACLzz/qshare/qserver/listener/transfer.go:17.21,20.3 2 0
github.com/ACLzz/qshare/qserver/listener/transfer.go:21.2,21.22 1 0
github.com/ACLzz/qshare/qserver/listener/transfer.go:21.22,23.38 2 0
github.com/ACLzz/qshare/qserver/listener/transfer.go:23.38,32.4 2 0
github.com/ACLzz/qshare/qserver/listener/transfer.go:33.3,34.44 2 0
github.com/ACLzz/qshare/qserver/listener/transfer.go:37.2,37.12 1 0
github.com/ACLzz/qshare/qserver/listener/transfer.go:40.63,41.63 1 0
github.com/ACLzz/qshare/qserver/listener/transfer.go:41.63,43.3 1 0
github.com/ACLzz/qshare/qserver/listener/transfer.go:45.2,45.45 1 0
github.com/ACLzz/qshare/qserver/listener/transfer.go:48.68,50.22 2 0
github.com/ACLzz/qshare/qserver/listener/transfer.go:50.22,53.3 2 0
github.com/ACLzz/qshare/qserver/listener/transfer.go:55.2,55.25 1 0
github.com/ACLzz/qshare/qserver/listener/transfer.go:55.25,57.17 2 0
github.com/ACLzz/qshare/qserver/listener/transfer.go:57.17,59.4 1 0
github.com/ACLzz/qshare/qserver/listener/transfer.go:61.3,61.27 1 0
github.com/ACLzz/qshare/qserver/listener/transfer.go:61.27,63.4 1 0
github.com/ACLzz/qshare/qserver/listener/transfer.go:66.2,66.24 1 0
github.com/ACLzz/qshare/qserver/listener/transfer.go:66.24,67.44 1 0
github.com/ACLzz/qshare/qserver/listener/transfer.go:67.44,69.4 1 0
github.com/ACLzz/qshare/qserver/listener/transfer.go:70.3,73.25 3 0
github.com/ACLzz/qshare/qserver/listener/transfer.go:76.2,76.12 1 0
github.com/ACLzz/qshare/qserver/listener/transfer.go:79.51,80.48 1 0
github.com/ACLzz/qshare/qserver/listener/transfer.go:80.48,82.3 1 0
github.com/ACLzz/qshare/qserver/listener/transfer.go:84.2,90.12 4 0
github.com/ACLzz/qshare/qserver/listener/transfer.go:93.43,94.46 1 0
github.com/ACLzz/qshare/qserver/listener/transfer.go:94.46,97.3 2 0
